#
# There is insufficient memory for the Java Runtime Environment to continue.
# Native memory allocation (malloc) failed to allocate 198256 bytes for Chunk::new
# Possible reasons:
#   The system is out of physical RAM or swap space
#   The process is running with CompressedOops enabled, and the Java Heap may be blocking the growth of the native heap
# Possible solutions:
#   Reduce memory load on the system
#   Increase physical memory or swap space
#   Check if swap backing store is full
#   Decrease Java heap size (-Xmx/-Xms)
#   Decrease number of Java threads
#   Decrease Java thread stack sizes (-Xss)
#   Set larger code cache with -XX:ReservedCodeCacheSize=
#   JVM is running with Unscaled Compressed Oops mode in which the Java heap is
#     placed in the first 4GB address space. The Java Heap base address is the
#     maximum limit for the native heap growth. Please use -XX:HeapBaseMinAddress
#     to set the Java Heap base and to place the Java Heap above 4GB virtual address.
# This output file may be truncated or incomplete.
#
#  Out of Memory Error (arena.cpp:168), pid=10628, tid=16432
#
# JRE version: Java(TM) SE Runtime Environment (21.0.1+12) (build 21.0.1+12-LTS-29)
# Java VM: Java HotSpot(TM) 64-Bit Server VM (21.0.1+12-LTS-29, mixed mode, sharing, tiered, compressed oops, compressed class ptrs, g1 gc, windows-amd64)
# No core dump will be written. Minidumps are not enabled by default on client versions of Windows
#

---------------  S U M M A R Y ------------

Command Line: -Xmx1g -XX:+IgnoreUnrecognizedVMOptions --add-opens=java.base/java.lang=ALL-UNNAMED --add-opens=java.base/java.lang.invoke=ALL-UNNAMED --add-opens=java.base/java.lang.reflect=ALL-UNNAMED --add-opens=java.base/java.io=ALL-UNNAMED --add-opens=java.base/java.net=ALL-UNNAMED --add-opens=java.base/java.nio=ALL-UNNAMED --add-opens=java.base/java.util=ALL-UNNAMED --add-opens=java.base/java.util.concurrent=ALL-UNNAMED --add-opens=java.base/java.util.concurrent.atomic=ALL-UNNAMED --add-opens=java.base/jdk.internal.ref=ALL-UNNAMED --add-opens=java.base/sun.nio.ch=ALL-UNNAMED --add-opens=java.base/sun.nio.cs=ALL-UNNAMED --add-opens=java.base/sun.security.action=ALL-UNNAMED --add-opens=java.base/sun.util.calendar=ALL-UNNAMED --add-opens=java.security.jgss/sun.security.krb5=ALL-UNNAMED -Djdk.reflect.useDirectMethodHandle=false org.apache.spark.deploy.SparkSubmit Consumer.py

Host: Intel(R) Core(TM) i7-8650U CPU @ 1.90GHz, 8 cores, 15G,  Windows 11 , 64 bit Build 26100 (10.0.26100.3775)
Time: Sat Apr 26 11:29:35 2025 Morocco Daylight Time elapsed time: 6.536407 seconds (0d 0h 0m 6s)

---------------  T H R E A D  ---------------

Current thread (0x000002061f03c110):  JavaThread "C2 CompilerThread0" daemon [_thread_in_native, id=16432, stack(0x00000010e1500000,0x00000010e1600000) (1024K)]


Current CompileTask:
C2:   6536  965       4       jdk.internal.loader.URLClassPath::getResource (74 bytes)

Stack: [0x00000010e1500000,0x00000010e1600000]
Native frames: (J=compiled Java code, j=interpreted, Vv=VM code, C=native code)
V  [jvm.dll+0x6c9029]
V  [jvm.dll+0x854b81]
V  [jvm.dll+0x856e5e]
V  [jvm.dll+0x857543]
V  [jvm.dll+0x280c06]
V  [jvm.dll+0xc3ead]
V  [jvm.dll+0xc43c3]
V  [jvm.dll+0x2f3f3f]
V  [jvm.dll+0x5f40a6]
V  [jvm.dll+0x252bef]
V  [jvm.dll+0x252fbf]
V  [jvm.dll+0x24b734]
V  [jvm.dll+0x248fa3]
V  [jvm.dll+0x1c9ca1]
V  [jvm.dll+0x2586b9]
V  [jvm.dll+0x256c9a]
V  [jvm.dll+0x3ef1b6]
V  [jvm.dll+0x7fd728]
V  [jvm.dll+0x6c777d]
C  [ucrtbase.dll+0x37b0]
C  [KERNEL32.DLL+0x2e8d7]
C  [ntdll.dll+0xb14fc]


---------------  P R O C E S S  ---------------

Threads class SMR info:
_java_thread_list=0x00000206244a6380, length=12, elements={
0x00000205c2a11db0, 0x000002061f0271c0, 0x000002061f027d20, 0x000002061f0305c0,
0x000002061f031150, 0x000002061f031f40, 0x000002061f032e30, 0x000002061f03c110,
0x000002061f060320, 0x000002061f2a6ec0, 0x000002061f2ac810, 0x0000020624a014f0
}

Java Threads: ( => current thread )
  0x00000205c2a11db0 JavaThread "main"                              [_thread_in_Java, id=8228, stack(0x00000010e0700000,0x00000010e0800000) (1024K)]
  0x000002061f0271c0 JavaThread "Reference Handler"          daemon [_thread_blocked, id=7876, stack(0x00000010e0f00000,0x00000010e1000000) (1024K)]
  0x000002061f027d20 JavaThread "Finalizer"                  daemon [_thread_blocked, id=12888, stack(0x00000010e1000000,0x00000010e1100000) (1024K)]
  0x000002061f0305c0 JavaThread "Signal Dispatcher"          daemon [_thread_blocked, id=9040, stack(0x00000010e1100000,0x00000010e1200000) (1024K)]
  0x000002061f031150 JavaThread "Attach Listener"            daemon [_thread_blocked, id=16836, stack(0x00000010e1200000,0x00000010e1300000) (1024K)]
  0x000002061f031f40 JavaThread "Service Thread"             daemon [_thread_blocked, id=1168, stack(0x00000010e1300000,0x00000010e1400000) (1024K)]
  0x000002061f032e30 JavaThread "Monitor Deflation Thread"   daemon [_thread_blocked, id=8716, stack(0x00000010e1400000,0x00000010e1500000) (1024K)]
=>0x000002061f03c110 JavaThread "C2 CompilerThread0"         daemon [_thread_in_native, id=16432, stack(0x00000010e1500000,0x00000010e1600000) (1024K)]
  0x000002061f060320 JavaThread "C1 CompilerThread0"         daemon [_thread_in_native, id=19752, stack(0x00000010e1600000,0x00000010e1700000) (1024K)]
  0x000002061f2a6ec0 JavaThread "Common-Cleaner"             daemon [_thread_blocked, id=4692, stack(0x00000010e1700000,0x00000010e1800000) (1024K)]
  0x000002061f2ac810 JavaThread "Notification Thread"        daemon [_thread_blocked, id=21092, stack(0x00000010e1800000,0x00000010e1900000) (1024K)]
  0x0000020624a014f0 JavaThread "C2 CompilerThread1"         daemon [_thread_blocked, id=10636, stack(0x00000010e1e00000,0x00000010e1f00000) (1024K)]
Total: 12

Other Threads:
  0x000002061f002850 VMThread "VM Thread"                           [id=16552, stack(0x00000010e0e00000,0x00000010e0f00000) (1024K)]
  0x00000205ddfde130 WatcherThread "VM Periodic Task Thread"        [id=3020, stack(0x00000010e0d00000,0x00000010e0e00000) (1024K)]
  0x00000205c2a48d20 WorkerThread "GC Thread#0"                     [id=2160, stack(0x00000010e0800000,0x00000010e0900000) (1024K)]
  0x000002061fcc8120 WorkerThread "GC Thread#1"                     [id=18116, stack(0x00000010e1900000,0x00000010e1a00000) (1024K)]
  0x0000020624642760 WorkerThread "GC Thread#2"                     [id=20612, stack(0x00000010e1a00000,0x00000010e1b00000) (1024K)]
  0x0000020624642b00 WorkerThread "GC Thread#3"                     [id=21172, stack(0x00000010e1b00000,0x00000010e1c00000) (1024K)]
  0x00000206244595c0 WorkerThread "GC Thread#4"                     [id=18872, stack(0x00000010e1c00000,0x00000010e1d00000) (1024K)]
  0x0000020624459960 WorkerThread "GC Thread#5"                     [id=3396, stack(0x00000010e1d00000,0x00000010e1e00000) (1024K)]
  0x00000205c2a51c10 ConcurrentGCThread "G1 Main Marker"            [id=20244, stack(0x00000010e0900000,0x00000010e0a00000) (1024K)]
  0x00000205c2a53cb0 WorkerThread "G1 Conc#0"                       [id=596, stack(0x00000010e0a00000,0x00000010e0b00000) (1024K)]
  0x00000205ddeaaa70 ConcurrentGCThread "G1 Refine#0"               [id=18980, stack(0x00000010e0b00000,0x00000010e0c00000) (1024K)]
  0x00000205ddeab290 ConcurrentGCThread "G1 Service"                [id=3500, stack(0x00000010e0c00000,0x00000010e0d00000) (1024K)]
Total: 12

Threads with active compile tasks:
C2 CompilerThread0     6627  965       4       jdk.internal.loader.URLClassPath::getResource (74 bytes)
C1 CompilerThread0     6627  999       3       java.util.ImmutableCollections$Set12$1::<init> (32 bytes)
Total: 2

VM state: not at safepoint (normal execution)

VM Mutex/Monitor currently owned by a thread: None

Heap address: 0x00000000c0000000, size: 1024 MB, Compressed Oops mode: 32-bit

CDS archive(s) mapped at: [0x00000205de000000-0x00000205dec90000-0x00000205dec90000), size 13172736, SharedBaseAddress: 0x00000205de000000, ArchiveRelocationMode: 1.
Compressed class space mapped at: 0x00000205df000000-0x000002061f000000, reserved size: 1073741824
Narrow klass base: 0x00000205de000000, Narrow klass shift: 0, Narrow klass range: 0x100000000

GC Precious Log:
 CardTable entry size: 512
 Card Set container configuration: InlinePtr #cards 5 size 8 Array Of Cards #cards 12 size 40 Howl #buckets 4 coarsen threshold 1843 Howl Bitmap #cards 512 size 80 coarsen threshold 460 Card regions per heap region 1 cards per card region 2048
 CPUs: 8 total, 8 available
 Memory: 16223M
 Large Page Support: Disabled
 NUMA Support: Disabled
 Compressed Oops: Enabled (32-bit)
 Heap Region Size: 1M
 Heap Min Capacity: 8M
 Heap Initial Capacity: 254M
 Heap Max Capacity: 1G
 Pre-touch: Disabled
 Parallel Workers: 8
 Concurrent Workers: 2
 Concurrent Refinement Workers: 8
 Periodic GC: Disabled

Heap:
 garbage-first heap   total 260096K, used 34197K [0x00000000c0000000, 0x0000000100000000)
  region size 1024K, 15 young (15360K), 3 survivors (3072K)
 Metaspace       used 6107K, committed 6272K, reserved 1114112K
  class space    used 634K, committed 704K, reserved 1048576K

Heap Regions: E=young(eden), S=young(survivor), O=old, HS=humongous(starts), HC=humongous(continues), CS=collection set, F=free, TAMS=top-at-mark-start, PB=parsable bottom
|   0|0x00000000c0000000, 0x00000000c0100000, 0x00000000c0100000|100%|HS|  |TAMS 0x00000000c0000000| PB 0x00000000c0000000| Complete 
|   1|0x00000000c0100000, 0x00000000c0200000, 0x00000000c0200000|100%|HS|  |TAMS 0x00000000c0100000| PB 0x00000000c0100000| Complete 
|   2|0x00000000c0200000, 0x00000000c0300000, 0x00000000c0300000|100%|HC|  |TAMS 0x00000000c0200000| PB 0x00000000c0200000| Complete 
|   3|0x00000000c0300000, 0x00000000c0400000, 0x00000000c0400000|100%|HS|  |TAMS 0x00000000c0300000| PB 0x00000000c0300000| Complete 
|   4|0x00000000c0400000, 0x00000000c0500000, 0x00000000c0500000|100%|HC|  |TAMS 0x00000000c0400000| PB 0x00000000c0400000| Complete 
|   5|0x00000000c0500000, 0x00000000c0600000, 0x00000000c0600000|100%|HC|  |TAMS 0x00000000c0500000| PB 0x00000000c0500000| Complete 
|   6|0x00000000c0600000, 0x00000000c0700000, 0x00000000c0700000|100%|HS|  |TAMS 0x00000000c0600000| PB 0x00000000c0600000| Complete 
|   7|0x00000000c0700000, 0x00000000c0800000, 0x00000000c0800000|100%|HS|  |TAMS 0x00000000c0700000| PB 0x00000000c0700000| Complete 
|   8|0x00000000c0800000, 0x00000000c0900000, 0x00000000c0900000|100%|HS|  |TAMS 0x00000000c0800000| PB 0x00000000c0800000| Complete 
|   9|0x00000000c0900000, 0x00000000c0a00000, 0x00000000c0a00000|100%| O|  |TAMS 0x00000000c0900000| PB 0x00000000c0900000| Untracked 
|  10|0x00000000c0a00000, 0x00000000c0b00000, 0x00000000c0b00000|100%| O|  |TAMS 0x00000000c0a00000| PB 0x00000000c0a00000| Untracked 
|  11|0x00000000c0b00000, 0x00000000c0c00000, 0x00000000c0c00000|100%| O|  |TAMS 0x00000000c0b00000| PB 0x00000000c0b00000| Untracked 
|  12|0x00000000c0c00000, 0x00000000c0d00000, 0x00000000c0d00000|100%| O|  |TAMS 0x00000000c0c00000| PB 0x00000000c0c00000| Untracked 
|  13|0x00000000c0d00000, 0x00000000c0e00000, 0x00000000c0e00000|100%| O|  |TAMS 0x00000000c0d00000| PB 0x00000000c0d00000| Untracked 
|  14|0x00000000c0e00000, 0x00000000c0f00000, 0x00000000c0f00000|100%| O|  |TAMS 0x00000000c0e00000| PB 0x00000000c0e00000| Untracked 
|  15|0x00000000c0f00000, 0x00000000c1000000, 0x00000000c1000000|100%| O|  |TAMS 0x00000000c0f00000| PB 0x00000000c0f00000| Untracked 
|  16|0x00000000c1000000, 0x00000000c1100000, 0x00000000c1100000|100%| O|  |TAMS 0x00000000c1000000| PB 0x00000000c1000000| Untracked 
|  17|0x00000000c1100000, 0x00000000c1200000, 0x00000000c1200000|100%| O|  |TAMS 0x00000000c1100000| PB 0x00000000c1100000| Untracked 
|  18|0x00000000c1200000, 0x00000000c1300000, 0x00000000c1300000|100%| O|  |TAMS 0x00000000c1200000| PB 0x00000000c1200000| Untracked 
|  19|0x00000000c1300000, 0x00000000c13654f0, 0x00000000c1400000| 39%| O|  |TAMS 0x00000000c1300000| PB 0x00000000c1300000| Untracked 
|  20|0x00000000c1400000, 0x00000000c1400000, 0x00000000c1500000|  0%| F|  |TAMS 0x00000000c1400000| PB 0x00000000c1400000| Untracked 
|  21|0x00000000c1500000, 0x00000000c1500000, 0x00000000c1600000|  0%| F|  |TAMS 0x00000000c1500000| PB 0x00000000c1500000| Untracked 
|  22|0x00000000c1600000, 0x00000000c1600000, 0x00000000c1700000|  0%| F|  |TAMS 0x00000000c1600000| PB 0x00000000c1600000| Untracked 
|  23|0x00000000c1700000, 0x00000000c1700000, 0x00000000c1800000|  0%| F|  |TAMS 0x00000000c1700000| PB 0x00000000c1700000| Untracked 
|  24|0x00000000c1800000, 0x00000000c1800000, 0x00000000c1900000|  0%| F|  |TAMS 0x00000000c1800000| PB 0x00000000c1800000| Untracked 
|  25|0x00000000c1900000, 0x00000000c1900000, 0x00000000c1a00000|  0%| F|  |TAMS 0x00000000c1900000| PB 0x00000000c1900000| Untracked 
|  26|0x00000000c1a00000, 0x00000000c1a00000, 0x00000000c1b00000|  0%| F|  |TAMS 0x00000000c1a00000| PB 0x00000000c1a00000| Untracked 
|  27|0x00000000c1b00000, 0x00000000c1b00000, 0x00000000c1c00000|  0%| F|  |TAMS 0x00000000c1b00000| PB 0x00000000c1b00000| Untracked 
|  28|0x00000000c1c00000, 0x00000000c1c00000, 0x00000000c1d00000|  0%| F|  |TAMS 0x00000000c1c00000| PB 0x00000000c1c00000| Untracked 
|  29|0x00000000c1d00000, 0x00000000c1d00000, 0x00000000c1e00000|  0%| F|  |TAMS 0x00000000c1d00000| PB 0x00000000c1d00000| Untracked 
|  30|0x00000000c1e00000, 0x00000000c1e00000, 0x00000000c1f00000|  0%| F|  |TAMS 0x00000000c1e00000| PB 0x00000000c1e00000| Untracked 
|  31|0x00000000c1f00000, 0x00000000c1f00000, 0x00000000c2000000|  0%| F|  |TAMS 0x00000000c1f00000| PB 0x00000000c1f00000| Untracked 
|  32|0x00000000c2000000, 0x00000000c2000000, 0x00000000c2100000|  0%| F|  |TAMS 0x00000000c2000000| PB 0x00000000c2000000| Untracked 
|  33|0x00000000c2100000, 0x00000000c2100000, 0x00000000c2200000|  0%| F|  |TAMS 0x00000000c2100000| PB 0x00000000c2100000| Untracked 
|  34|0x00000000c2200000, 0x00000000c2200000, 0x00000000c2300000|  0%| F|  |TAMS 0x00000000c2200000| PB 0x00000000c2200000| Untracked 
|  35|0x00000000c2300000, 0x00000000c2300000, 0x00000000c2400000|  0%| F|  |TAMS 0x00000000c2300000| PB 0x00000000c2300000| Untracked 
|  36|0x00000000c2400000, 0x00000000c2400000, 0x00000000c2500000|  0%| F|  |TAMS 0x00000000c2400000| PB 0x00000000c2400000| Untracked 
|  37|0x00000000c2500000, 0x00000000c2500000, 0x00000000c2600000|  0%| F|  |TAMS 0x00000000c2500000| PB 0x00000000c2500000| Untracked 
|  38|0x00000000c2600000, 0x00000000c2600000, 0x00000000c2700000|  0%| F|  |TAMS 0x00000000c2600000| PB 0x00000000c2600000| Untracked 
|  39|0x00000000c2700000, 0x00000000c2700000, 0x00000000c2800000|  0%| F|  |TAMS 0x00000000c2700000| PB 0x00000000c2700000| Untracked 
|  40|0x00000000c2800000, 0x00000000c2800000, 0x00000000c2900000|  0%| F|  |TAMS 0x00000000c2800000| PB 0x00000000c2800000| Untracked 
|  41|0x00000000c2900000, 0x00000000c2900000, 0x00000000c2a00000|  0%| F|  |TAMS 0x00000000c2900000| PB 0x00000000c2900000| Untracked 
|  42|0x00000000c2a00000, 0x00000000c2a00000, 0x00000000c2b00000|  0%| F|  |TAMS 0x00000000c2a00000| PB 0x00000000c2a00000| Untracked 
|  43|0x00000000c2b00000, 0x00000000c2b00000, 0x00000000c2c00000|  0%| F|  |TAMS 0x00000000c2b00000| PB 0x00000000c2b00000| Untracked 
|  44|0x00000000c2c00000, 0x00000000c2c00000, 0x00000000c2d00000|  0%| F|  |TAMS 0x00000000c2c00000| PB 0x00000000c2c00000| Untracked 
|  45|0x00000000c2d00000, 0x00000000c2d00000, 0x00000000c2e00000|  0%| F|  |TAMS 0x00000000c2d00000| PB 0x00000000c2d00000| Untracked 
|  46|0x00000000c2e00000, 0x00000000c2e00000, 0x00000000c2f00000|  0%| F|  |TAMS 0x00000000c2e00000| PB 0x00000000c2e00000| Untracked 
|  47|0x00000000c2f00000, 0x00000000c2f00000, 0x00000000c3000000|  0%| F|  |TAMS 0x00000000c2f00000| PB 0x00000000c2f00000| Untracked 
|  48|0x00000000c3000000, 0x00000000c3000000, 0x00000000c3100000|  0%| F|  |TAMS 0x00000000c3000000| PB 0x00000000c3000000| Untracked 
|  49|0x00000000c3100000, 0x00000000c3100000, 0x00000000c3200000|  0%| F|  |TAMS 0x00000000c3100000| PB 0x00000000c3100000| Untracked 
|  50|0x00000000c3200000, 0x00000000c3200000, 0x00000000c3300000|  0%| F|  |TAMS 0x00000000c3200000| PB 0x00000000c3200000| Untracked 
|  51|0x00000000c3300000, 0x00000000c3300000, 0x00000000c3400000|  0%| F|  |TAMS 0x00000000c3300000| PB 0x00000000c3300000| Untracked 
|  52|0x00000000c3400000, 0x00000000c3400000, 0x00000000c3500000|  0%| F|  |TAMS 0x00000000c3400000| PB 0x00000000c3400000| Untracked 
|  53|0x00000000c3500000, 0x00000000c3500000, 0x00000000c3600000|  0%| F|  |TAMS 0x00000000c3500000| PB 0x00000000c3500000| Untracked 
|  54|0x00000000c3600000, 0x00000000c3600000, 0x00000000c3700000|  0%| F|  |TAMS 0x00000000c3600000| PB 0x00000000c3600000| Untracked 
|  55|0x00000000c3700000, 0x00000000c3700000, 0x00000000c3800000|  0%| F|  |TAMS 0x00000000c3700000| PB 0x00000000c3700000| Untracked 
|  56|0x00000000c3800000, 0x00000000c3800000, 0x00000000c3900000|  0%| F|  |TAMS 0x00000000c3800000| PB 0x00000000c3800000| Untracked 
|  57|0x00000000c3900000, 0x00000000c3900000, 0x00000000c3a00000|  0%| F|  |TAMS 0x00000000c3900000| PB 0x00000000c3900000| Untracked 
|  58|0x00000000c3a00000, 0x00000000c3a00000, 0x00000000c3b00000|  0%| F|  |TAMS 0x00000000c3a00000| PB 0x00000000c3a00000| Untracked 
|  59|0x00000000c3b00000, 0x00000000c3b00000, 0x00000000c3c00000|  0%| F|  |TAMS 0x00000000c3b00000| PB 0x00000000c3b00000| Untracked 
|  60|0x00000000c3c00000, 0x00000000c3c00000, 0x00000000c3d00000|  0%| F|  |TAMS 0x00000000c3c00000| PB 0x00000000c3c00000| Untracked 
|  61|0x00000000c3d00000, 0x00000000c3d00000, 0x00000000c3e00000|  0%| F|  |TAMS 0x00000000c3d00000| PB 0x00000000c3d00000| Untracked 
|  62|0x00000000c3e00000, 0x00000000c3e00000, 0x00000000c3f00000|  0%| F|  |TAMS 0x00000000c3e00000| PB 0x00000000c3e00000| Untracked 
|  63|0x00000000c3f00000, 0x00000000c3f00000, 0x00000000c4000000|  0%| F|  |TAMS 0x00000000c3f00000| PB 0x00000000c3f00000| Untracked 
|  64|0x00000000c4000000, 0x00000000c4000000, 0x00000000c4100000|  0%| F|  |TAMS 0x00000000c4000000| PB 0x00000000c4000000| Untracked 
|  65|0x00000000c4100000, 0x00000000c4100000, 0x00000000c4200000|  0%| F|  |TAMS 0x00000000c4100000| PB 0x00000000c4100000| Untracked 
|  66|0x00000000c4200000, 0x00000000c4200000, 0x00000000c4300000|  0%| F|  |TAMS 0x00000000c4200000| PB 0x00000000c4200000| Untracked 
|  67|0x00000000c4300000, 0x00000000c4300000, 0x00000000c4400000|  0%| F|  |TAMS 0x00000000c4300000| PB 0x00000000c4300000| Untracked 
|  68|0x00000000c4400000, 0x00000000c4400000, 0x00000000c4500000|  0%| F|  |TAMS 0x00000000c4400000| PB 0x00000000c4400000| Untracked 
|  69|0x00000000c4500000, 0x00000000c4500000, 0x00000000c4600000|  0%| F|  |TAMS 0x00000000c4500000| PB 0x00000000c4500000| Untracked 
|  70|0x00000000c4600000, 0x00000000c4600000, 0x00000000c4700000|  0%| F|  |TAMS 0x00000000c4600000| PB 0x00000000c4600000| Untracked 
|  71|0x00000000c4700000, 0x00000000c4700000, 0x00000000c4800000|  0%| F|  |TAMS 0x00000000c4700000| PB 0x00000000c4700000| Untracked 
|  72|0x00000000c4800000, 0x00000000c4800000, 0x00000000c4900000|  0%| F|  |TAMS 0x00000000c4800000| PB 0x00000000c4800000| Untracked 
|  73|0x00000000c4900000, 0x00000000c4900000, 0x00000000c4a00000|  0%| F|  |TAMS 0x00000000c4900000| PB 0x00000000c4900000| Untracked 
|  74|0x00000000c4a00000, 0x00000000c4a00000, 0x00000000c4b00000|  0%| F|  |TAMS 0x00000000c4a00000| PB 0x00000000c4a00000| Untracked 
|  75|0x00000000c4b00000, 0x00000000c4b00000, 0x00000000c4c00000|  0%| F|  |TAMS 0x00000000c4b00000| PB 0x00000000c4b00000| Untracked 
|  76|0x00000000c4c00000, 0x00000000c4c00000, 0x00000000c4d00000|  0%| F|  |TAMS 0x00000000c4c00000| PB 0x00000000c4c00000| Untracked 
|  77|0x00000000c4d00000, 0x00000000c4d00000, 0x00000000c4e00000|  0%| F|  |TAMS 0x00000000c4d00000| PB 0x00000000c4d00000| Untracked 
|  78|0x00000000c4e00000, 0x00000000c4e00000, 0x00000000c4f00000|  0%| F|  |TAMS 0x00000000c4e00000| PB 0x00000000c4e00000| Untracked 
|  79|0x00000000c4f00000, 0x00000000c4f00000, 0x00000000c5000000|  0%| F|  |TAMS 0x00000000c4f00000| PB 0x00000000c4f00000| Untracked 
|  80|0x00000000c5000000, 0x00000000c5000000, 0x00000000c5100000|  0%| F|  |TAMS 0x00000000c5000000| PB 0x00000000c5000000| Untracked 
|  81|0x00000000c5100000, 0x00000000c5100000, 0x00000000c5200000|  0%| F|  |TAMS 0x00000000c5100000| PB 0x00000000c5100000| Untracked 
|  82|0x00000000c5200000, 0x00000000c5200000, 0x00000000c5300000|  0%| F|  |TAMS 0x00000000c5200000| PB 0x00000000c5200000| Untracked 
|  83|0x00000000c5300000, 0x00000000c5300000, 0x00000000c5400000|  0%| F|  |TAMS 0x00000000c5300000| PB 0x00000000c5300000| Untracked 
|  84|0x00000000c5400000, 0x00000000c5400000, 0x00000000c5500000|  0%| F|  |TAMS 0x00000000c5400000| PB 0x00000000c5400000| Untracked 
|  85|0x00000000c5500000, 0x00000000c5500000, 0x00000000c5600000|  0%| F|  |TAMS 0x00000000c5500000| PB 0x00000000c5500000| Untracked 
|  86|0x00000000c5600000, 0x00000000c5600000, 0x00000000c5700000|  0%| F|  |TAMS 0x00000000c5600000| PB 0x00000000c5600000| Untracked 
|  87|0x00000000c5700000, 0x00000000c5700000, 0x00000000c5800000|  0%| F|  |TAMS 0x00000000c5700000| PB 0x00000000c5700000| Untracked 
|  88|0x00000000c5800000, 0x00000000c5800000, 0x00000000c5900000|  0%| F|  |TAMS 0x00000000c5800000| PB 0x00000000c5800000| Untracked 
|  89|0x00000000c5900000, 0x00000000c5900000, 0x00000000c5a00000|  0%| F|  |TAMS 0x00000000c5900000| PB 0x00000000c5900000| Untracked 
|  90|0x00000000c5a00000, 0x00000000c5a00000, 0x00000000c5b00000|  0%| F|  |TAMS 0x00000000c5a00000| PB 0x00000000c5a00000| Untracked 
|  91|0x00000000c5b00000, 0x00000000c5b00000, 0x00000000c5c00000|  0%| F|  |TAMS 0x00000000c5b00000| PB 0x00000000c5b00000| Untracked 
|  92|0x00000000c5c00000, 0x00000000c5c00000, 0x00000000c5d00000|  0%| F|  |TAMS 0x00000000c5c00000| PB 0x00000000c5c00000| Untracked 
|  93|0x00000000c5d00000, 0x00000000c5d00000, 0x00000000c5e00000|  0%| F|  |TAMS 0x00000000c5d00000| PB 0x00000000c5d00000| Untracked 
|  94|0x00000000c5e00000, 0x00000000c5e00000, 0x00000000c5f00000|  0%| F|  |TAMS 0x00000000c5e00000| PB 0x00000000c5e00000| Untracked 
|  95|0x00000000c5f00000, 0x00000000c5f00000, 0x00000000c6000000|  0%| F|  |TAMS 0x00000000c5f00000| PB 0x00000000c5f00000| Untracked 
|  96|0x00000000c6000000, 0x00000000c6000000, 0x00000000c6100000|  0%| F|  |TAMS 0x00000000c6000000| PB 0x00000000c6000000| Untracked 
|  97|0x00000000c6100000, 0x00000000c6100000, 0x00000000c6200000|  0%| F|  |TAMS 0x00000000c6100000| PB 0x00000000c6100000| Untracked 
|  98|0x00000000c6200000, 0x00000000c6200000, 0x00000000c6300000|  0%| F|  |TAMS 0x00000000c6200000| PB 0x00000000c6200000| Untracked 
|  99|0x00000000c6300000, 0x00000000c6300000, 0x00000000c6400000|  0%| F|  |TAMS 0x00000000c6300000| PB 0x00000000c6300000| Untracked 
| 100|0x00000000c6400000, 0x00000000c6400000, 0x00000000c6500000|  0%| F|  |TAMS 0x00000000c6400000| PB 0x00000000c6400000| Untracked 
| 101|0x00000000c6500000, 0x00000000c6500000, 0x00000000c6600000|  0%| F|  |TAMS 0x00000000c6500000| PB 0x00000000c6500000| Untracked 
| 102|0x00000000c6600000, 0x00000000c6600000, 0x00000000c6700000|  0%| F|  |TAMS 0x00000000c6600000| PB 0x00000000c6600000| Untracked 
| 103|0x00000000c6700000, 0x00000000c6700000, 0x00000000c6800000|  0%| F|  |TAMS 0x00000000c6700000| PB 0x00000000c6700000| Untracked 
| 104|0x00000000c6800000, 0x00000000c6800000, 0x00000000c6900000|  0%| F|  |TAMS 0x00000000c6800000| PB 0x00000000c6800000| Untracked 
| 105|0x00000000c6900000, 0x00000000c6900000, 0x00000000c6a00000|  0%| F|  |TAMS 0x00000000c6900000| PB 0x00000000c6900000| Untracked 
| 106|0x00000000c6a00000, 0x00000000c6a00000, 0x00000000c6b00000|  0%| F|  |TAMS 0x00000000c6a00000| PB 0x00000000c6a00000| Untracked 
| 107|0x00000000c6b00000, 0x00000000c6b00000, 0x00000000c6c00000|  0%| F|  |TAMS 0x00000000c6b00000| PB 0x00000000c6b00000| Untracked 
| 108|0x00000000c6c00000, 0x00000000c6c00000, 0x00000000c6d00000|  0%| F|  |TAMS 0x00000000c6c00000| PB 0x00000000c6c00000| Untracked 
| 109|0x00000000c6d00000, 0x00000000c6d00000, 0x00000000c6e00000|  0%| F|  |TAMS 0x00000000c6d00000| PB 0x00000000c6d00000| Untracked 
| 110|0x00000000c6e00000, 0x00000000c6e00000, 0x00000000c6f00000|  0%| F|  |TAMS 0x00000000c6e00000| PB 0x00000000c6e00000| Untracked 
| 111|0x00000000c6f00000, 0x00000000c6f00000, 0x00000000c7000000|  0%| F|  |TAMS 0x00000000c6f00000| PB 0x00000000c6f00000| Untracked 
| 112|0x00000000c7000000, 0x00000000c7000000, 0x00000000c7100000|  0%| F|  |TAMS 0x00000000c7000000| PB 0x00000000c7000000| Untracked 
| 113|0x00000000c7100000, 0x00000000c7100000, 0x00000000c7200000|  0%| F|  |TAMS 0x00000000c7100000| PB 0x00000000c7100000| Untracked 
| 114|0x00000000c7200000, 0x00000000c7200000, 0x00000000c7300000|  0%| F|  |TAMS 0x00000000c7200000| PB 0x00000000c7200000| Untracked 
| 115|0x00000000c7300000, 0x00000000c7300000, 0x00000000c7400000|  0%| F|  |TAMS 0x00000000c7300000| PB 0x00000000c7300000| Untracked 
| 116|0x00000000c7400000, 0x00000000c7400000, 0x00000000c7500000|  0%| F|  |TAMS 0x00000000c7400000| PB 0x00000000c7400000| Untracked 
| 117|0x00000000c7500000, 0x00000000c7500000, 0x00000000c7600000|  0%| F|  |TAMS 0x00000000c7500000| PB 0x00000000c7500000| Untracked 
| 118|0x00000000c7600000, 0x00000000c7600000, 0x00000000c7700000|  0%| F|  |TAMS 0x00000000c7600000| PB 0x00000000c7600000| Untracked 
| 119|0x00000000c7700000, 0x00000000c7700000, 0x00000000c7800000|  0%| F|  |TAMS 0x00000000c7700000| PB 0x00000000c7700000| Untracked 
| 120|0x00000000c7800000, 0x00000000c7800000, 0x00000000c7900000|  0%| F|  |TAMS 0x00000000c7800000| PB 0x00000000c7800000| Untracked 
| 121|0x00000000c7900000, 0x00000000c7900000, 0x00000000c7a00000|  0%| F|  |TAMS 0x00000000c7900000| PB 0x00000000c7900000| Untracked 
| 122|0x00000000c7a00000, 0x00000000c7a00000, 0x00000000c7b00000|  0%| F|  |TAMS 0x00000000c7a00000| PB 0x00000000c7a00000| Untracked 
| 123|0x00000000c7b00000, 0x00000000c7b00000, 0x00000000c7c00000|  0%| F|  |TAMS 0x00000000c7b00000| PB 0x00000000c7b00000| Untracked 
| 124|0x00000000c7c00000, 0x00000000c7c00000, 0x00000000c7d00000|  0%| F|  |TAMS 0x00000000c7c00000| PB 0x00000000c7c00000| Untracked 
| 125|0x00000000c7d00000, 0x00000000c7d00000, 0x00000000c7e00000|  0%| F|  |TAMS 0x00000000c7d00000| PB 0x00000000c7d00000| Untracked 
| 126|0x00000000c7e00000, 0x00000000c7e00000, 0x00000000c7f00000|  0%| F|  |TAMS 0x00000000c7e00000| PB 0x00000000c7e00000| Untracked 
| 127|0x00000000c7f00000, 0x00000000c7f00000, 0x00000000c8000000|  0%| F|  |TAMS 0x00000000c7f00000| PB 0x00000000c7f00000| Untracked 
| 128|0x00000000c8000000, 0x00000000c8000000, 0x00000000c8100000|  0%| F|  |TAMS 0x00000000c8000000| PB 0x00000000c8000000| Untracked 
| 129|0x00000000c8100000, 0x00000000c8100000, 0x00000000c8200000|  0%| F|  |TAMS 0x00000000c8100000| PB 0x00000000c8100000| Untracked 
| 130|0x00000000c8200000, 0x00000000c8200000, 0x00000000c8300000|  0%| F|  |TAMS 0x00000000c8200000| PB 0x00000000c8200000| Untracked 
| 131|0x00000000c8300000, 0x00000000c8300000, 0x00000000c8400000|  0%| F|  |TAMS 0x00000000c8300000| PB 0x00000000c8300000| Untracked 
| 132|0x00000000c8400000, 0x00000000c8400000, 0x00000000c8500000|  0%| F|  |TAMS 0x00000000c8400000| PB 0x00000000c8400000| Untracked 
| 133|0x00000000c8500000, 0x00000000c8500000, 0x00000000c8600000|  0%| F|  |TAMS 0x00000000c8500000| PB 0x00000000c8500000| Untracked 
| 134|0x00000000c8600000, 0x00000000c8600000, 0x00000000c8700000|  0%| F|  |TAMS 0x00000000c8600000| PB 0x00000000c8600000| Untracked 
| 135|0x00000000c8700000, 0x00000000c8700000, 0x00000000c8800000|  0%| F|  |TAMS 0x00000000c8700000| PB 0x00000000c8700000| Untracked 
| 136|0x00000000c8800000, 0x00000000c8800000, 0x00000000c8900000|  0%| F|  |TAMS 0x00000000c8800000| PB 0x00000000c8800000| Untracked 
| 137|0x00000000c8900000, 0x00000000c8900000, 0x00000000c8a00000|  0%| F|  |TAMS 0x00000000c8900000| PB 0x00000000c8900000| Untracked 
| 138|0x00000000c8a00000, 0x00000000c8a00000, 0x00000000c8b00000|  0%| F|  |TAMS 0x00000000c8a00000| PB 0x00000000c8a00000| Untracked 
| 139|0x00000000c8b00000, 0x00000000c8b00000, 0x00000000c8c00000|  0%| F|  |TAMS 0x00000000c8b00000| PB 0x00000000c8b00000| Untracked 
| 140|0x00000000c8c00000, 0x00000000c8c00000, 0x00000000c8d00000|  0%| F|  |TAMS 0x00000000c8c00000| PB 0x00000000c8c00000| Untracked 
| 141|0x00000000c8d00000, 0x00000000c8d00000, 0x00000000c8e00000|  0%| F|  |TAMS 0x00000000c8d00000| PB 0x00000000c8d00000| Untracked 
| 142|0x00000000c8e00000, 0x00000000c8e00000, 0x00000000c8f00000|  0%| F|  |TAMS 0x00000000c8e00000| PB 0x00000000c8e00000| Untracked 
| 143|0x00000000c8f00000, 0x00000000c8f00000, 0x00000000c9000000|  0%| F|  |TAMS 0x00000000c8f00000| PB 0x00000000c8f00000| Untracked 
| 144|0x00000000c9000000, 0x00000000c9000000, 0x00000000c9100000|  0%| F|  |TAMS 0x00000000c9000000| PB 0x00000000c9000000| Untracked 
| 145|0x00000000c9100000, 0x00000000c9100000, 0x00000000c9200000|  0%| F|  |TAMS 0x00000000c9100000| PB 0x00000000c9100000| Untracked 
| 146|0x00000000c9200000, 0x00000000c9200000, 0x00000000c9300000|  0%| F|  |TAMS 0x00000000c9200000| PB 0x00000000c9200000| Untracked 
| 147|0x00000000c9300000, 0x00000000c9300000, 0x00000000c9400000|  0%| F|  |TAMS 0x00000000c9300000| PB 0x00000000c9300000| Untracked 
| 148|0x00000000c9400000, 0x00000000c9400000, 0x00000000c9500000|  0%| F|  |TAMS 0x00000000c9400000| PB 0x00000000c9400000| Untracked 
| 149|0x00000000c9500000, 0x00000000c9500000, 0x00000000c9600000|  0%| F|  |TAMS 0x00000000c9500000| PB 0x00000000c9500000| Untracked 
| 150|0x00000000c9600000, 0x00000000c9600000, 0x00000000c9700000|  0%| F|  |TAMS 0x00000000c9600000| PB 0x00000000c9600000| Untracked 
| 151|0x00000000c9700000, 0x00000000c9700000, 0x00000000c9800000|  0%| F|  |TAMS 0x00000000c9700000| PB 0x00000000c9700000| Untracked 
| 152|0x00000000c9800000, 0x00000000c9800000, 0x00000000c9900000|  0%| F|  |TAMS 0x00000000c9800000| PB 0x00000000c9800000| Untracked 
| 153|0x00000000c9900000, 0x00000000c9900000, 0x00000000c9a00000|  0%| F|  |TAMS 0x00000000c9900000| PB 0x00000000c9900000| Untracked 
| 154|0x00000000c9a00000, 0x00000000c9a00000, 0x00000000c9b00000|  0%| F|  |TAMS 0x00000000c9a00000| PB 0x00000000c9a00000| Untracked 
| 155|0x00000000c9b00000, 0x00000000c9b00000, 0x00000000c9c00000|  0%| F|  |TAMS 0x00000000c9b00000| PB 0x00000000c9b00000| Untracked 
| 156|0x00000000c9c00000, 0x00000000c9c00000, 0x00000000c9d00000|  0%| F|  |TAMS 0x00000000c9c00000| PB 0x00000000c9c00000| Untracked 
| 157|0x00000000c9d00000, 0x00000000c9d00000, 0x00000000c9e00000|  0%| F|  |TAMS 0x00000000c9d00000| PB 0x00000000c9d00000| Untracked 
| 158|0x00000000c9e00000, 0x00000000c9e00000, 0x00000000c9f00000|  0%| F|  |TAMS 0x00000000c9e00000| PB 0x00000000c9e00000| Untracked 
| 159|0x00000000c9f00000, 0x00000000c9f00000, 0x00000000ca000000|  0%| F|  |TAMS 0x00000000c9f00000| PB 0x00000000c9f00000| Untracked 
| 160|0x00000000ca000000, 0x00000000ca000000, 0x00000000ca100000|  0%| F|  |TAMS 0x00000000ca000000| PB 0x00000000ca000000| Untracked 
| 161|0x00000000ca100000, 0x00000000ca100000, 0x00000000ca200000|  0%| F|  |TAMS 0x00000000ca100000| PB 0x00000000ca100000| Untracked 
| 162|0x00000000ca200000, 0x00000000ca200000, 0x00000000ca300000|  0%| F|  |TAMS 0x00000000ca200000| PB 0x00000000ca200000| Untracked 
| 163|0x00000000ca300000, 0x00000000ca300000, 0x00000000ca400000|  0%| F|  |TAMS 0x00000000ca300000| PB 0x00000000ca300000| Untracked 
| 164|0x00000000ca400000, 0x00000000ca400000, 0x00000000ca500000|  0%| F|  |TAMS 0x00000000ca400000| PB 0x00000000ca400000| Untracked 
| 165|0x00000000ca500000, 0x00000000ca500000, 0x00000000ca600000|  0%| F|  |TAMS 0x00000000ca500000| PB 0x00000000ca500000| Untracked 
| 166|0x00000000ca600000, 0x00000000ca600000, 0x00000000ca700000|  0%| F|  |TAMS 0x00000000ca600000| PB 0x00000000ca600000| Untracked 
| 167|0x00000000ca700000, 0x00000000ca700000, 0x00000000ca800000|  0%| F|  |TAMS 0x00000000ca700000| PB 0x00000000ca700000| Untracked 
| 168|0x00000000ca800000, 0x00000000ca800000, 0x00000000ca900000|  0%| F|  |TAMS 0x00000000ca800000| PB 0x00000000ca800000| Untracked 
| 169|0x00000000ca900000, 0x00000000ca900000, 0x00000000caa00000|  0%| F|  |TAMS 0x00000000ca900000| PB 0x00000000ca900000| Untracked 
| 170|0x00000000caa00000, 0x00000000caa00000, 0x00000000cab00000|  0%| F|  |TAMS 0x00000000caa00000| PB 0x00000000caa00000| Untracked 
| 171|0x00000000cab00000, 0x00000000cab00000, 0x00000000cac00000|  0%| F|  |TAMS 0x00000000cab00000| PB 0x00000000cab00000| Untracked 
| 172|0x00000000cac00000, 0x00000000cac00000, 0x00000000cad00000|  0%| F|  |TAMS 0x00000000cac00000| PB 0x00000000cac00000| Untracked 
| 173|0x00000000cad00000, 0x00000000cad00000, 0x00000000cae00000|  0%| F|  |TAMS 0x00000000cad00000| PB 0x00000000cad00000| Untracked 
| 174|0x00000000cae00000, 0x00000000cae00000, 0x00000000caf00000|  0%| F|  |TAMS 0x00000000cae00000| PB 0x00000000cae00000| Untracked 
| 175|0x00000000caf00000, 0x00000000caf00000, 0x00000000cb000000|  0%| F|  |TAMS 0x00000000caf00000| PB 0x00000000caf00000| Untracked 
| 176|0x00000000cb000000, 0x00000000cb000000, 0x00000000cb100000|  0%| F|  |TAMS 0x00000000cb000000| PB 0x00000000cb000000| Untracked 
| 177|0x00000000cb100000, 0x00000000cb100000, 0x00000000cb200000|  0%| F|  |TAMS 0x00000000cb100000| PB 0x00000000cb100000| Untracked 
| 178|0x00000000cb200000, 0x00000000cb200000, 0x00000000cb300000|  0%| F|  |TAMS 0x00000000cb200000| PB 0x00000000cb200000| Untracked 
| 179|0x00000000cb300000, 0x00000000cb300000, 0x00000000cb400000|  0%| F|  |TAMS 0x00000000cb300000| PB 0x00000000cb300000| Untracked 
| 180|0x00000000cb400000, 0x00000000cb400000, 0x00000000cb500000|  0%| F|  |TAMS 0x00000000cb400000| PB 0x00000000cb400000| Untracked 
| 181|0x00000000cb500000, 0x00000000cb500000, 0x00000000cb600000|  0%| F|  |TAMS 0x00000000cb500000| PB 0x00000000cb500000| Untracked 
| 182|0x00000000cb600000, 0x00000000cb600000, 0x00000000cb700000|  0%| F|  |TAMS 0x00000000cb600000| PB 0x00000000cb600000| Untracked 
| 183|0x00000000cb700000, 0x00000000cb700000, 0x00000000cb800000|  0%| F|  |TAMS 0x00000000cb700000| PB 0x00000000cb700000| Untracked 
| 184|0x00000000cb800000, 0x00000000cb800000, 0x00000000cb900000|  0%| F|  |TAMS 0x00000000cb800000| PB 0x00000000cb800000| Untracked 
| 185|0x00000000cb900000, 0x00000000cb900000, 0x00000000cba00000|  0%| F|  |TAMS 0x00000000cb900000| PB 0x00000000cb900000| Untracked 
| 186|0x00000000cba00000, 0x00000000cba00000, 0x00000000cbb00000|  0%| F|  |TAMS 0x00000000cba00000| PB 0x00000000cba00000| Untracked 
| 187|0x00000000cbb00000, 0x00000000cbb00000, 0x00000000cbc00000|  0%| F|  |TAMS 0x00000000cbb00000| PB 0x00000000cbb00000| Untracked 
| 188|0x00000000cbc00000, 0x00000000cbc00000, 0x00000000cbd00000|  0%| F|  |TAMS 0x00000000cbc00000| PB 0x00000000cbc00000| Untracked 
| 189|0x00000000cbd00000, 0x00000000cbd00000, 0x00000000cbe00000|  0%| F|  |TAMS 0x00000000cbd00000| PB 0x00000000cbd00000| Untracked 
| 190|0x00000000cbe00000, 0x00000000cbe00000, 0x00000000cbf00000|  0%| F|  |TAMS 0x00000000cbe00000| PB 0x00000000cbe00000| Untracked 
| 191|0x00000000cbf00000, 0x00000000cbf00000, 0x00000000cc000000|  0%| F|  |TAMS 0x00000000cbf00000| PB 0x00000000cbf00000| Untracked 
| 192|0x00000000cc000000, 0x00000000cc000000, 0x00000000cc100000|  0%| F|  |TAMS 0x00000000cc000000| PB 0x00000000cc000000| Untracked 
| 193|0x00000000cc100000, 0x00000000cc100000, 0x00000000cc200000|  0%| F|  |TAMS 0x00000000cc100000| PB 0x00000000cc100000| Untracked 
| 194|0x00000000cc200000, 0x00000000cc200000, 0x00000000cc300000|  0%| F|  |TAMS 0x00000000cc200000| PB 0x00000000cc200000| Untracked 
| 195|0x00000000cc300000, 0x00000000cc300000, 0x00000000cc400000|  0%| F|  |TAMS 0x00000000cc300000| PB 0x00000000cc300000| Untracked 
| 196|0x00000000cc400000, 0x00000000cc400000, 0x00000000cc500000|  0%| F|  |TAMS 0x00000000cc400000| PB 0x00000000cc400000| Untracked 
| 197|0x00000000cc500000, 0x00000000cc500000, 0x00000000cc600000|  0%| F|  |TAMS 0x00000000cc500000| PB 0x00000000cc500000| Untracked 
| 198|0x00000000cc600000, 0x00000000cc600000, 0x00000000cc700000|  0%| F|  |TAMS 0x00000000cc600000| PB 0x00000000cc600000| Untracked 
| 199|0x00000000cc700000, 0x00000000cc700000, 0x00000000cc800000|  0%| F|  |TAMS 0x00000000cc700000| PB 0x00000000cc700000| Untracked 
| 200|0x00000000cc800000, 0x00000000cc800000, 0x00000000cc900000|  0%| F|  |TAMS 0x00000000cc800000| PB 0x00000000cc800000| Untracked 
| 201|0x00000000cc900000, 0x00000000cc900000, 0x00000000cca00000|  0%| F|  |TAMS 0x00000000cc900000| PB 0x00000000cc900000| Untracked 
| 202|0x00000000cca00000, 0x00000000cca00000, 0x00000000ccb00000|  0%| F|  |TAMS 0x00000000cca00000| PB 0x00000000cca00000| Untracked 
| 203|0x00000000ccb00000, 0x00000000ccb00000, 0x00000000ccc00000|  0%| F|  |TAMS 0x00000000ccb00000| PB 0x00000000ccb00000| Untracked 
| 204|0x00000000ccc00000, 0x00000000ccc00000, 0x00000000ccd00000|  0%| F|  |TAMS 0x00000000ccc00000| PB 0x00000000ccc00000| Untracked 
| 205|0x00000000ccd00000, 0x00000000ccd00000, 0x00000000cce00000|  0%| F|  |TAMS 0x00000000ccd00000| PB 0x00000000ccd00000| Untracked 
| 206|0x00000000cce00000, 0x00000000cce00000, 0x00000000ccf00000|  0%| F|  |TAMS 0x00000000cce00000| PB 0x00000000cce00000| Untracked 
| 207|0x00000000ccf00000, 0x00000000ccf00000, 0x00000000cd000000|  0%| F|  |TAMS 0x00000000ccf00000| PB 0x00000000ccf00000| Untracked 
| 208|0x00000000cd000000, 0x00000000cd000000, 0x00000000cd100000|  0%| F|  |TAMS 0x00000000cd000000| PB 0x00000000cd000000| Untracked 
| 209|0x00000000cd100000, 0x00000000cd100000, 0x00000000cd200000|  0%| F|  |TAMS 0x00000000cd100000| PB 0x00000000cd100000| Untracked 
| 210|0x00000000cd200000, 0x00000000cd200000, 0x00000000cd300000|  0%| F|  |TAMS 0x00000000cd200000| PB 0x00000000cd200000| Untracked 
| 211|0x00000000cd300000, 0x00000000cd300000, 0x00000000cd400000|  0%| F|  |TAMS 0x00000000cd300000| PB 0x00000000cd300000| Untracked 
| 212|0x00000000cd400000, 0x00000000cd400000, 0x00000000cd500000|  0%| F|  |TAMS 0x00000000cd400000| PB 0x00000000cd400000| Untracked 
| 213|0x00000000cd500000, 0x00000000cd500000, 0x00000000cd600000|  0%| F|  |TAMS 0x00000000cd500000| PB 0x00000000cd500000| Untracked 
| 214|0x00000000cd600000, 0x00000000cd600000, 0x00000000cd700000|  0%| F|  |TAMS 0x00000000cd600000| PB 0x00000000cd600000| Untracked 
| 215|0x00000000cd700000, 0x00000000cd700000, 0x00000000cd800000|  0%| F|  |TAMS 0x00000000cd700000| PB 0x00000000cd700000| Untracked 
| 216|0x00000000cd800000, 0x00000000cd800000, 0x00000000cd900000|  0%| F|  |TAMS 0x00000000cd800000| PB 0x00000000cd800000| Untracked 
| 217|0x00000000cd900000, 0x00000000cd900000, 0x00000000cda00000|  0%| F|  |TAMS 0x00000000cd900000| PB 0x00000000cd900000| Untracked 
| 218|0x00000000cda00000, 0x00000000cda00000, 0x00000000cdb00000|  0%| F|  |TAMS 0x00000000cda00000| PB 0x00000000cda00000| Untracked 
| 219|0x00000000cdb00000, 0x00000000cdb00000, 0x00000000cdc00000|  0%| F|  |TAMS 0x00000000cdb00000| PB 0x00000000cdb00000| Untracked 
| 220|0x00000000cdc00000, 0x00000000cdc00000, 0x00000000cdd00000|  0%| F|  |TAMS 0x00000000cdc00000| PB 0x00000000cdc00000| Untracked 
| 221|0x00000000cdd00000, 0x00000000cdd00000, 0x00000000cde00000|  0%| F|  |TAMS 0x00000000cdd00000| PB 0x00000000cdd00000| Untracked 
| 222|0x00000000cde00000, 0x00000000cde00000, 0x00000000cdf00000|  0%| F|  |TAMS 0x00000000cde00000| PB 0x00000000cde00000| Untracked 
| 223|0x00000000cdf00000, 0x00000000cdf00000, 0x00000000ce000000|  0%| F|  |TAMS 0x00000000cdf00000| PB 0x00000000cdf00000| Untracked 
| 224|0x00000000ce000000, 0x00000000ce000000, 0x00000000ce100000|  0%| F|  |TAMS 0x00000000ce000000| PB 0x00000000ce000000| Untracked 
| 225|0x00000000ce100000, 0x00000000ce100000, 0x00000000ce200000|  0%| F|  |TAMS 0x00000000ce100000| PB 0x00000000ce100000| Untracked 
| 226|0x00000000ce200000, 0x00000000ce200000, 0x00000000ce300000|  0%| F|  |TAMS 0x00000000ce200000| PB 0x00000000ce200000| Untracked 
| 227|0x00000000ce300000, 0x00000000ce300000, 0x00000000ce400000|  0%| F|  |TAMS 0x00000000ce300000| PB 0x00000000ce300000| Untracked 
| 228|0x00000000ce400000, 0x00000000ce500000, 0x00000000ce500000|100%| S|CS|TAMS 0x00000000ce400000| PB 0x00000000ce400000| Complete 
| 229|0x00000000ce500000, 0x00000000ce600000, 0x00000000ce600000|100%| S|CS|TAMS 0x00000000ce500000| PB 0x00000000ce500000| Complete 
| 230|0x00000000ce600000, 0x00000000ce700000, 0x00000000ce700000|100%| S|CS|TAMS 0x00000000ce600000| PB 0x00000000ce600000| Complete 
| 231|0x00000000ce700000, 0x00000000ce700000, 0x00000000ce800000|  0%| F|  |TAMS 0x00000000ce700000| PB 0x00000000ce700000| Untracked 
| 232|0x00000000ce800000, 0x00000000ce800000, 0x00000000ce900000|  0%| F|  |TAMS 0x00000000ce800000| PB 0x00000000ce800000| Untracked 
| 233|0x00000000ce900000, 0x00000000ce900000, 0x00000000cea00000|  0%| F|  |TAMS 0x00000000ce900000| PB 0x00000000ce900000| Untracked 
| 234|0x00000000cea00000, 0x00000000cea00000, 0x00000000ceb00000|  0%| F|  |TAMS 0x00000000cea00000| PB 0x00000000cea00000| Untracked 
| 235|0x00000000ceb00000, 0x00000000ceb00000, 0x00000000cec00000|  0%| F|  |TAMS 0x00000000ceb00000| PB 0x00000000ceb00000| Untracked 
| 236|0x00000000cec00000, 0x00000000cec00000, 0x00000000ced00000|  0%| F|  |TAMS 0x00000000cec00000| PB 0x00000000cec00000| Untracked 
| 237|0x00000000ced00000, 0x00000000ced00000, 0x00000000cee00000|  0%| F|  |TAMS 0x00000000ced00000| PB 0x00000000ced00000| Untracked 
| 238|0x00000000cee00000, 0x00000000cee00000, 0x00000000cef00000|  0%| F|  |TAMS 0x00000000cee00000| PB 0x00000000cee00000| Untracked 
| 239|0x00000000cef00000, 0x00000000cef00000, 0x00000000cf000000|  0%| F|  |TAMS 0x00000000cef00000| PB 0x00000000cef00000| Untracked 
| 240|0x00000000cf000000, 0x00000000cf000000, 0x00000000cf100000|  0%| F|  |TAMS 0x00000000cf000000| PB 0x00000000cf000000| Untracked 
| 241|0x00000000cf100000, 0x00000000cf100000, 0x00000000cf200000|  0%| F|  |TAMS 0x00000000cf100000| PB 0x00000000cf100000| Untracked 
| 242|0x00000000cf200000, 0x00000000cf267270, 0x00000000cf300000| 40%| E|  |TAMS 0x00000000cf200000| PB 0x00000000cf200000| Complete 
| 243|0x00000000cf300000, 0x00000000cf400000, 0x00000000cf400000|100%| E|CS|TAMS 0x00000000cf300000| PB 0x00000000cf300000| Complete 
| 244|0x00000000cf400000, 0x00000000cf500000, 0x00000000cf500000|100%| E|CS|TAMS 0x00000000cf400000| PB 0x00000000cf400000| Complete 
| 245|0x00000000cf500000, 0x00000000cf600000, 0x00000000cf600000|100%| E|CS|TAMS 0x00000000cf500000| PB 0x00000000cf500000| Complete 
| 246|0x00000000cf600000, 0x00000000cf700000, 0x00000000cf700000|100%| E|CS|TAMS 0x00000000cf600000| PB 0x00000000cf600000| Complete 
| 247|0x00000000cf700000, 0x00000000cf800000, 0x00000000cf800000|100%| E|CS|TAMS 0x00000000cf700000| PB 0x00000000cf700000| Complete 
| 248|0x00000000cf800000, 0x00000000cf900000, 0x00000000cf900000|100%| E|CS|TAMS 0x00000000cf800000| PB 0x00000000cf800000| Complete 
| 249|0x00000000cf900000, 0x00000000cfa00000, 0x00000000cfa00000|100%| E|CS|TAMS 0x00000000cf900000| PB 0x00000000cf900000| Complete 
| 250|0x00000000cfa00000, 0x00000000cfb00000, 0x00000000cfb00000|100%| E|CS|TAMS 0x00000000cfa00000| PB 0x00000000cfa00000| Complete 
| 251|0x00000000cfb00000, 0x00000000cfc00000, 0x00000000cfc00000|100%| E|CS|TAMS 0x00000000cfb00000| PB 0x00000000cfb00000| Complete 
| 252|0x00000000cfc00000, 0x00000000cfd00000, 0x00000000cfd00000|100%| E|CS|TAMS 0x00000000cfc00000| PB 0x00000000cfc00000| Complete 
| 253|0x00000000cfd00000, 0x00000000cfe00000, 0x00000000cfe00000|100%| E|CS|TAMS 0x00000000cfd00000| PB 0x00000000cfd00000| Complete 

Card table byte_map: [0x00000205da370000,0x00000205da570000] _byte_map_base: 0x00000205d9d70000

Marking Bits: (CMBitMap*) 0x00000205c2a49330
 Bits: [0x00000205da570000, 0x00000205db570000)

Polling page: 0x00000205c0910000

Metaspace:

Usage:
  Non-class:      5.39 MB used.
      Class:    642.25 KB used.
       Both:      6.01 MB used.

Virtual space:
  Non-class space:       64.00 MB reserved,       5.50 MB (  9%) committed,  1 nodes.
      Class space:        1.00 GB reserved,     704.00 KB ( <1%) committed,  1 nodes.
             Both:        1.06 GB reserved,       6.19 MB ( <1%) committed. 

Chunk freelists:
   Non-Class:  8.03 MB
       Class:  15.20 MB
        Both:  23.23 MB

MaxMetaspaceSize: unlimited
CompressedClassSpaceSize: 1.00 GB
Initial GC threshold: 21.00 MB
Current GC threshold: 21.00 MB
CDS: on
 - commit_granule_bytes: 65536.
 - commit_granule_words: 8192.
 - virtual_space_node_default_size: 8388608.
 - enlarge_chunks_in_place: 1.
 - use_allocation_guard: 0.


Internal statistics:

num_allocs_failed_limit: 0.
num_arena_births: 82.
num_arena_deaths: 0.
num_vsnodes_births: 2.
num_vsnodes_deaths: 0.
num_space_committed: 99.
num_space_uncommitted: 0.
num_chunks_returned_to_freelist: 0.
num_chunks_taken_from_freelist: 264.
num_chunk_merges: 0.
num_chunk_splits: 194.
num_chunks_enlarged: 158.
num_inconsistent_stats: 0.

CodeHeap 'non-profiled nmethods': size=120000Kb used=434Kb max_used=434Kb free=119565Kb
 bounds [0x00000205d2910000, 0x00000205d2b80000, 0x00000205d9e40000]
CodeHeap 'profiled nmethods': size=120000Kb used=1995Kb max_used=1995Kb free=118004Kb
 bounds [0x00000205cae40000, 0x00000205cb0b0000, 0x00000205d2370000]
CodeHeap 'non-nmethods': size=5760Kb used=1313Kb max_used=1343Kb free=4446Kb
 bounds [0x00000205d2370000, 0x00000205d25e0000, 0x00000205d2910000]
 total_blobs=1424 nmethods=998 adapters=331
 compilation: enabled
              stopped_count=0, restarted_count=0
 full_count=0

Compilation events (20 events):
Event: 6.497 Thread 0x000002061f060320 nmethod 958 0x00000205cb021a90 code [0x00000205cb021c80, 0x00000205cb0220c8]
Event: 6.497 Thread 0x000002061f060320  961   !   3       java.util.jar.JarFile$JarFileEntry::getCodeSigners (77 bytes)
Event: 6.497 Thread 0x000002061f060320 nmethod 961 0x00000205cb022290 code [0x00000205cb0224c0, 0x00000205cb022cc0]
Event: 6.497 Thread 0x000002061f060320  962       3       java.security.SecureClassLoader$CodeSourceKey::<init> (10 bytes)
Event: 6.498 Thread 0x000002061f060320 nmethod 962 0x00000205cb022f90 code [0x00000205cb023140, 0x00000205cb023368]
Event: 6.498 Thread 0x000002061f060320  963       3       java.security.SecureClassLoader$1::<init> (10 bytes)
Event: 6.498 Thread 0x000002061f060320 nmethod 963 0x00000205cb023490 code [0x00000205cb023640, 0x00000205cb023808]
Event: 6.498 Thread 0x000002061f060320  964       3       java.lang.ClassLoader::getDefinedPackage (36 bytes)
Event: 6.499 Thread 0x000002061f060320 nmethod 964 0x00000205cb023910 code [0x00000205cb023b00, 0x00000205cb024090]
Event: 6.508 Thread 0x000002061f060320  966       3       jdk.internal.loader.BuiltinClassLoader::isSealed (71 bytes)
Event: 6.511 Thread 0x000002061f060320 nmethod 966 0x00000205cb024290 code [0x00000205cb024700, 0x00000205cb026440]
Event: 6.513 Thread 0x000002061f060320  967       3       java.util.TreeMap$PrivateEntryIterator::nextEntry (54 bytes)
Event: 6.514 Thread 0x000002061f060320 nmethod 967 0x00000205cb026f90 code [0x00000205cb027180, 0x00000205cb027570]
Event: 6.514 Thread 0x000002061f060320  968       3       java.util.TreeMap::successor (66 bytes)
Event: 6.514 Thread 0x000002061f060320 nmethod 968 0x00000205cb027710 code [0x00000205cb0278e0, 0x00000205cb027c48]
Event: 6.516 Thread 0x0000020624a014f0  969       4       java.lang.String::substring (58 bytes)
Event: 6.525 Thread 0x000002061f060320  970       3       java.util.TreeMap$EntryIterator::next (5 bytes)
Event: 6.525 Thread 0x000002061f060320 nmethod 970 0x00000205cb027d90 code [0x00000205cb027f40, 0x00000205cb0280d8]
Event: 6.525 Thread 0x000002061f060320  971       3       java.util.TreeMap$EntryIterator::next (5 bytes)
Event: 6.526 Thread 0x000002061f060320 nmethod 971 0x00000205cb028190 code [0x00000205cb028340, 0x00000205cb028480]

GC Heap History (2 events):
Event: 5.674 GC heap before
{Heap before GC invocations=0 (full 0):
 garbage-first heap   total 260096K, used 31744K [0x00000000c0000000, 0x0000000100000000)
  region size 1024K, 23 young (23552K), 0 survivors (0K)
 Metaspace       used 3140K, committed 3200K, reserved 1114112K
  class space    used 241K, committed 256K, reserved 1048576K
}
Event: 5.692 GC heap after
{Heap after GC invocations=1 (full 0):
 garbage-first heap   total 260096K, used 22933K [0x00000000c0000000, 0x0000000100000000)
  region size 1024K, 3 young (3072K), 3 survivors (3072K)
 Metaspace       used 3140K, committed 3200K, reserved 1114112K
  class space    used 241K, committed 256K, reserved 1048576K
}

Dll operation events (6 events):
Event: 0.016 Loaded shared library C:\Program Files\Java\jdk-21\bin\java.dll
Event: 0.073 Loaded shared library C:\Program Files\Java\jdk-21\bin\jsvml.dll
Event: 0.285 Loaded shared library C:\Program Files\Java\jdk-21\bin\net.dll
Event: 0.289 Loaded shared library C:\Program Files\Java\jdk-21\bin\nio.dll
Event: 0.296 Loaded shared library C:\Program Files\Java\jdk-21\bin\zip.dll
Event: 0.971 Loaded shared library C:\Program Files\Java\jdk-21\bin\jimage.dll

Deoptimization events (20 events):
Event: 0.779 Thread 0x00000205c2a11db0 DEOPT PACKING pc=0x00000205d2936180 sp=0x00000010e07faea0
Event: 0.779 Thread 0x00000205c2a11db0 DEOPT UNPACKING pc=0x00000205d23c46a2 sp=0x00000010e07fae38 mode 2
Event: 1.118 Thread 0x00000205c2a11db0 DEOPT PACKING pc=0x00000205caea6379 sp=0x00000010e07fb690
Event: 1.118 Thread 0x00000205c2a11db0 DEOPT UNPACKING pc=0x00000205d23c4e42 sp=0x00000010e07fac10 mode 0
Event: 5.598 Thread 0x00000205c2a11db0 Uncommon trap: trap_request=0xfffffff4 fr.pc=0x00000205d294b19c relative=0x000000000000077c
Event: 5.598 Thread 0x00000205c2a11db0 Uncommon trap: reason=null_check action=make_not_entrant pc=0x00000205d294b19c method=jdk.internal.loader.URLClassPath.getLoader(I)Ljdk/internal/loader/URLClassPath$Loader; @ 36 c2
Event: 5.598 Thread 0x00000205c2a11db0 DEOPT PACKING pc=0x00000205d294b19c sp=0x00000010e07fbfe0
Event: 5.598 Thread 0x00000205c2a11db0 DEOPT UNPACKING pc=0x00000205d23c46a2 sp=0x00000010e07fbfa0 mode 2
Event: 5.662 Thread 0x00000205c2a11db0 Uncommon trap: trap_request=0xffffff45 fr.pc=0x00000205d293a888 relative=0x00000000000017e8
Event: 5.662 Thread 0x00000205c2a11db0 Uncommon trap: reason=unstable_if action=reinterpret pc=0x00000205d293a888 method=java.io.WinNTFileSystem.normalize(Ljava/lang/String;)Ljava/lang/String; @ 40 c2
Event: 5.662 Thread 0x00000205c2a11db0 DEOPT PACKING pc=0x00000205d293a888 sp=0x00000010e07fe4f0
Event: 5.663 Thread 0x00000205c2a11db0 DEOPT UNPACKING pc=0x00000205d23c46a2 sp=0x00000010e07fe4d8 mode 2
Event: 5.869 Thread 0x00000205c2a11db0 DEOPT PACKING pc=0x00000205cae4e195 sp=0x00000010e07fcc70
Event: 5.869 Thread 0x00000205c2a11db0 DEOPT UNPACKING pc=0x00000205d23c4e42 sp=0x00000010e07fc0c0 mode 0
Event: 5.964 Thread 0x00000205c2a11db0 Uncommon trap: trap_request=0xffffff45 fr.pc=0x00000205d293f334 relative=0x0000000000000f34
Event: 5.964 Thread 0x00000205c2a11db0 Uncommon trap: reason=unstable_if action=reinterpret pc=0x00000205d293f334 method=java.util.jar.JarFile.getEntry(Ljava/lang/String;)Ljava/util/zip/ZipEntry; @ 15 c2
Event: 5.964 Thread 0x00000205c2a11db0 DEOPT PACKING pc=0x00000205d293f334 sp=0x00000010e07fcd20
Event: 5.964 Thread 0x00000205c2a11db0 DEOPT UNPACKING pc=0x00000205d23c46a2 sp=0x00000010e07fcd28 mode 2
Event: 6.494 Thread 0x00000205c2a11db0 DEOPT PACKING pc=0x00000205caf27315 sp=0x00000010e07fdaf0
Event: 6.494 Thread 0x00000205c2a11db0 DEOPT UNPACKING pc=0x00000205d23c4e42 sp=0x00000010e07fcf78 mode 0

Classes loaded (20 events):
Event: 5.978 Loading class java/util/stream/WhileOps
Event: 5.979 Loading class java/util/stream/WhileOps done
Event: 5.979 Loading class java/util/stream/WhileOps$1Op
Event: 5.980 Loading class java/util/stream/WhileOps$DropWhileOp
Event: 5.980 Loading class java/util/stream/WhileOps$DropWhileOp done
Event: 5.980 Loading class java/util/stream/ReferencePipeline$StatefulOp
Event: 5.981 Loading class java/util/stream/ReferencePipeline$StatefulOp done
Event: 5.981 Loading class java/util/stream/WhileOps$1Op done
Event: 5.984 Loading class java/util/stream/WhileOps$1Op$1OpSink
Event: 5.984 Loading class java/util/stream/WhileOps$DropWhileSink
Event: 5.985 Loading class java/util/stream/WhileOps$DropWhileSink done
Event: 5.985 Loading class java/util/stream/WhileOps$1Op$1OpSink done
Event: 6.032 Loading class java/net/MalformedURLException
Event: 6.032 Loading class java/net/MalformedURLException done
Event: 6.033 Loading class java/net/URISyntaxException
Event: 6.034 Loading class java/net/URISyntaxException done
Event: 6.054 Loading class jdk/internal/foreign/MemorySessionImpl
Event: 6.055 Loading class java/lang/foreign/MemorySegment$Scope
Event: 6.056 Loading class java/lang/foreign/MemorySegment$Scope done
Event: 6.056 Loading class jdk/internal/foreign/MemorySessionImpl done

Classes unloaded (0 events):
No events

Classes redefined (0 events):
No events

Internal exceptions (13 events):
Event: 0.871 Thread 0x00000205c2a11db0 Exception <a 'java/lang/NoSuchMethodError'{0x00000000ce90b778}: 'void java.lang.invoke.DirectMethodHandle$Holder.invokeStatic(java.lang.Object, int)'> (0x00000000ce90b778) 
thrown [s\open\src\hotspot\share\interpreter\linkResolver.cpp, line 773]
Event: 0.874 Thread 0x00000205c2a11db0 Exception <a 'java/lang/NoSuchMethodError'{0x00000000ce90ece0}: 'java.lang.Object java.lang.invoke.Invokers$Holder.invokeExact_MT(java.lang.Object, java.lang.Object, java.lang.Object, java.lang.Object, java.lang.Object, java.lang.Object)'> (0x00000000ce90ece0) 
thrown [s\open\src\hotspot\share\interpreter\linkResolver.cpp, line 773]
Event: 5.597 Thread 0x00000205c2a11db0 Implicit null exception at 0x00000205d294accf to 0x00000205d294b17c
Event: 5.769 Thread 0x00000205c2a11db0 Exception <a 'java/lang/NoSuchMethodError'{0x00000000cfc3c758}: 'void java.lang.invoke.DirectMethodHandle$Holder.invokeStatic(java.lang.Object, java.lang.Object, java.lang.Object)'> (0x00000000cfc3c758) 
thrown [s\open\src\hotspot\share\interpreter\linkResolver.cpp, line 773]
Event: 5.788 Thread 0x00000205c2a11db0 Exception <a 'java/lang/NoSuchMethodError'{0x00000000cfc61c50}: 'java.lang.Object java.lang.invoke.DirectMethodHandle$Holder.invokeStatic(java.lang.Object, java.lang.Object, int)'> (0x00000000cfc61c50) 
thrown [s\open\src\hotspot\share\interpreter\linkResolver.cpp, line 773]
Event: 5.792 Thread 0x00000205c2a11db0 Exception <a 'java/lang/NoSuchMethodError'{0x00000000cfca0750}: 'void java.lang.invoke.DelegatingMethodHandle$Holder.delegate(java.lang.Object, java.lang.Object, int, java.lang.Object)'> (0x00000000cfca0750) 
thrown [s\open\src\hotspot\share\interpreter\linkResolver.cpp, line 773]
Event: 5.793 Thread 0x00000205c2a11db0 Exception <a 'java/lang/NoSuchMethodError'{0x00000000cfca4540}: 'int java.lang.invoke.DirectMethodHandle$Holder.invokeSpecial(java.lang.Object, java.lang.Object, java.lang.Object)'> (0x00000000cfca4540) 
thrown [s\open\src\hotspot\share\interpreter\linkResolver.cpp, line 773]
Event: 5.824 Thread 0x00000205c2a11db0 Exception <a 'java/lang/NoSuchMethodError'{0x00000000cfcea628}: 'java.lang.Object java.lang.invoke.DirectMethodHandle$Holder.invokeInterface(java.lang.Object, java.lang.Object)'> (0x00000000cfcea628) 
thrown [s\open\src\hotspot\share\interpreter\linkResolver.cpp, line 773]
Event: 5.826 Thread 0x00000205c2a11db0 Exception <a 'java/lang/IncompatibleClassChangeError'{0x00000000cfcedb40}: Found class java.lang.Object, but interface was expected> (0x00000000cfcedb40) 
thrown [s\open\src\hotspot\share\interpreter\linkResolver.cpp, line 840]
Event: 5.832 Thread 0x00000205c2a11db0 Exception <a 'java/lang/NoSuchMethodError'{0x00000000cfcf86e0}: 'void java.lang.invoke.DirectMethodHandle$Holder.invokeSpecial(java.lang.Object, java.lang.Object, java.lang.Object)'> (0x00000000cfcf86e0) 
thrown [s\open\src\hotspot\share\interpreter\linkResolver.cpp, line 773]
Event: 5.844 Thread 0x00000205c2a11db0 Exception <a 'java/lang/NoSuchMethodError'{0x00000000cfb14d60}: 'java.lang.Object java.lang.invoke.DirectMethodHandle$Holder.newInvokeSpecial(java.lang.Object, java.lang.Object, java.lang.Object, int, java.lang.Object)'> (0x00000000cfb14d60) 
thrown [s\open\src\hotspot\share\interpreter\linkResolver.cpp, line 773]
Event: 5.847 Thread 0x00000205c2a11db0 Exception <a 'java/lang/NoSuchMethodError'{0x00000000cfb1c408}: 'java.lang.Object java.lang.invoke.Invokers$Holder.linkToTargetMethod(java.lang.Object, java.lang.Object, int, java.lang.Object, java.lang.Object)'> (0x00000000cfb1c408) 
thrown [s\open\src\hotspot\share\interpreter\linkResolver.cpp, line 773]
Event: 5.906 Thread 0x00000205c2a11db0 Exception <a 'java/lang/NoSuchMethodError'{0x00000000cfbaf690}: 'int java.lang.invoke.DirectMethodHandle$Holder.invokeStaticInit(java.lang.Object, java.lang.Object)'> (0x00000000cfbaf690) 
thrown [s\open\src\hotspot\share\interpreter\linkResolver.cpp, line 773]

ZGC Phase Switch (0 events):
No events

VM Operations (20 events):
Event: 0.333 Executing VM operation: HandshakeAllThreads (Deoptimize)
Event: 0.333 Executing VM operation: HandshakeAllThreads (Deoptimize) done
Event: 0.881 Executing VM operation: HandshakeAllThreads (Deoptimize)
Event: 0.881 Executing VM operation: HandshakeAllThreads (Deoptimize) done
Event: 1.886 Executing VM operation: Cleanup
Event: 1.886 Executing VM operation: Cleanup done
Event: 4.908 Executing VM operation: Cleanup
Event: 4.908 Executing VM operation: Cleanup done
Event: 5.641 Executing VM operation: HandshakeAllThreads (Deoptimize)
Event: 5.641 Executing VM operation: HandshakeAllThreads (Deoptimize) done
Event: 5.662 Executing VM operation: HandshakeAllThreads (Deoptimize)
Event: 5.662 Executing VM operation: HandshakeAllThreads (Deoptimize) done
Event: 5.662 Executing VM operation: HandshakeAllThreads (Deoptimize)
Event: 5.662 Executing VM operation: HandshakeAllThreads (Deoptimize) done
Event: 5.674 Executing VM operation: G1CollectForAllocation (G1 Evacuation Pause)
Event: 5.692 Executing VM operation: G1CollectForAllocation (G1 Evacuation Pause) done
Event: 5.763 Executing VM operation: HandshakeAllThreads (Deoptimize)
Event: 5.763 Executing VM operation: HandshakeAllThreads (Deoptimize) done
Event: 5.787 Executing VM operation: HandshakeAllThreads (Deoptimize)
Event: 5.787 Executing VM operation: HandshakeAllThreads (Deoptimize) done

Events (16 events):
Event: 0.042 Thread 0x00000205c2a11db0 Thread added: 0x00000205c2a11db0
Event: 0.069 Thread 0x000002061f0271c0 Thread added: 0x000002061f0271c0
Event: 0.069 Thread 0x000002061f027d20 Thread added: 0x000002061f027d20
Event: 0.069 Thread 0x000002061f0305c0 Thread added: 0x000002061f0305c0
Event: 0.070 Thread 0x000002061f031150 Thread added: 0x000002061f031150
Event: 0.070 Thread 0x000002061f031f40 Thread added: 0x000002061f031f40
Event: 0.070 Thread 0x000002061f032e30 Thread added: 0x000002061f032e30
Event: 0.070 Thread 0x000002061f03c110 Thread added: 0x000002061f03c110
Event: 0.070 Thread 0x000002061f060320 Thread added: 0x000002061f060320
Event: 0.266 Thread 0x000002061f2a6ec0 Thread added: 0x000002061f2a6ec0
Event: 0.272 Thread 0x000002061f2ac810 Thread added: 0x000002061f2ac810
Event: 0.330 Thread 0x000002061f2b8920 Thread added: 0x000002061f2b8920
Event: 0.665 Thread 0x000002061fd08a30 Thread added: 0x000002061fd08a30
Event: 1.118 Thread 0x000002061fd08a30 Thread exited: 0x000002061fd08a30
Event: 2.906 Thread 0x000002061f2b8920 Thread exited: 0x000002061f2b8920
Event: 6.105 Thread 0x0000020624a014f0 Thread added: 0x0000020624a014f0


Dynamic libraries:
0x00007ff73a770000 - 0x00007ff73a780000 	C:\Program Files\Java\jdk-21\bin\java.exe
0x00007ff99dbe0000 - 0x00007ff99de40000 	C:\WINDOWS\SYSTEM32\ntdll.dll
0x00007ff99d8a0000 - 0x00007ff99d967000 	C:\WINDOWS\System32\KERNEL32.DLL
0x00007ff99b0b0000 - 0x00007ff99b47a000 	C:\WINDOWS\System32\KERNELBASE.dll
0x00007ff99b5f0000 - 0x00007ff99b73b000 	C:\WINDOWS\System32\ucrtbase.dll
0x00007ff9836c0000 - 0x00007ff9836db000 	C:\Program Files\Java\jdk-21\bin\VCRUNTIME140.dll
0x00007ff96f140000 - 0x00007ff96f159000 	C:\Program Files\Java\jdk-21\bin\jli.dll
0x00007ff99b9e0000 - 0x00007ff99ba92000 	C:\WINDOWS\System32\ADVAPI32.dll
0x00007ff99c880000 - 0x00007ff99c929000 	C:\WINDOWS\System32\msvcrt.dll
0x00007ff99cc20000 - 0x00007ff99ccc6000 	C:\WINDOWS\System32\sechost.dll
0x00007ff99d2a0000 - 0x00007ff99d3b6000 	C:\WINDOWS\System32\RPCRT4.dll
0x00007ff99bc60000 - 0x00007ff99be2c000 	C:\WINDOWS\System32\USER32.dll
0x00007ff99b740000 - 0x00007ff99b767000 	C:\WINDOWS\System32\win32u.dll
0x00007ff983b90000 - 0x00007ff983e27000 	C:\WINDOWS\WinSxS\amd64_microsoft.windows.common-controls_6595b64144ccf1df_6.0.26100.3624_none_3e086962e3345f24\COMCTL32.dll
0x00007ff99d3c0000 - 0x00007ff99d3ea000 	C:\WINDOWS\System32\GDI32.dll
0x00007ff99b810000 - 0x00007ff99b941000 	C:\WINDOWS\System32\gdi32full.dll
0x00007ff99b000000 - 0x00007ff99b0a3000 	C:\WINDOWS\System32\msvcp_win.dll
0x00007ff990a70000 - 0x00007ff990a7b000 	C:\WINDOWS\SYSTEM32\VERSION.dll
0x00007ff99bb80000 - 0x00007ff99bbaf000 	C:\WINDOWS\System32\IMM32.DLL
0x00007ff9837c0000 - 0x00007ff9837cc000 	C:\Program Files\Java\jdk-21\bin\vcruntime140_1.dll
0x00007ff9576d0000 - 0x00007ff95775e000 	C:\Program Files\Java\jdk-21\bin\msvcp140.dll
0x00007ff970ff0000 - 0x00007ff971d05000 	C:\Program Files\Java\jdk-21\bin\server\jvm.dll
0x00007ff99d970000 - 0x00007ff99d9e4000 	C:\WINDOWS\System32\WS2_32.dll
0x00007ff99ac30000 - 0x00007ff99ac8e000 	C:\WINDOWS\SYSTEM32\POWRPROF.dll
0x00007ff985880000 - 0x00007ff9858b6000 	C:\WINDOWS\SYSTEM32\WINMM.dll
0x00007ff99ac10000 - 0x00007ff99ac24000 	C:\WINDOWS\SYSTEM32\UMPDC.dll
0x00007ff999b90000 - 0x00007ff999baa000 	C:\WINDOWS\SYSTEM32\kernel.appcore.dll
0x00007ff9725f0000 - 0x00007ff9725fa000 	C:\Program Files\Java\jdk-21\bin\jimage.dll
0x00007ff998710000 - 0x00007ff998951000 	C:\WINDOWS\SYSTEM32\DBGHELP.DLL
0x00007ff99cf10000 - 0x00007ff99d292000 	C:\WINDOWS\System32\combase.dll
0x00007ff99c9e0000 - 0x00007ff99cab6000 	C:\WINDOWS\System32\OLEAUT32.dll
0x00007ff985bb0000 - 0x00007ff985be9000 	C:\WINDOWS\SYSTEM32\dbgcore.DLL
0x00007ff99b770000 - 0x00007ff99b809000 	C:\WINDOWS\System32\bcryptPrimitives.dll
0x00007ff9721e0000 - 0x00007ff9721ff000 	C:\Program Files\Java\jdk-21\bin\java.dll
0x00007ff99be30000 - 0x00007ff99c559000 	C:\WINDOWS\System32\SHELL32.dll
0x00007ff99b480000 - 0x00007ff99b5e8000 	C:\WINDOWS\System32\wintypes.dll
0x00007ff998a40000 - 0x00007ff999292000 	C:\WINDOWS\SYSTEM32\windows.storage.dll
0x00007ff99daa0000 - 0x00007ff99db8d000 	C:\WINDOWS\System32\SHCORE.dll
0x00007ff99da20000 - 0x00007ff99da84000 	C:\WINDOWS\System32\shlwapi.dll
0x00007ff99acd0000 - 0x00007ff99acff000 	C:\WINDOWS\SYSTEM32\profapi.dll
0x00007ff96e400000 - 0x00007ff96e4d7000 	C:\Program Files\Java\jdk-21\bin\jsvml.dll
0x00007ff96e350000 - 0x00007ff96e360000 	C:\Program Files\Java\jdk-21\bin\net.dll
0x00007ff98eed0000 - 0x00007ff98efed000 	C:\WINDOWS\SYSTEM32\WINHTTP.dll
0x00007ff99a090000 - 0x00007ff99a0fa000 	C:\WINDOWS\system32\mswsock.dll
0x00007ff96e390000 - 0x00007ff96e3a6000 	C:\Program Files\Java\jdk-21\bin\nio.dll
0x00007ff96e370000 - 0x00007ff96e388000 	C:\Program Files\Java\jdk-21\bin\zip.dll

dbghelp: loaded successfully - version: 4.0.5 - missing functions: none
symbol engine: initialized successfully - sym options: 0x614 - pdb path: .;C:\Program Files\Java\jdk-21\bin;C:\WINDOWS\SYSTEM32;C:\WINDOWS\WinSxS\amd64_microsoft.windows.common-controls_6595b64144ccf1df_6.0.26100.3624_none_3e086962e3345f24;C:\Program Files\Java\jdk-21\bin\server

VM Arguments:
jvm_args: -Xmx1g -XX:+IgnoreUnrecognizedVMOptions --add-opens=java.base/java.lang=ALL-UNNAMED --add-opens=java.base/java.lang.invoke=ALL-UNNAMED --add-opens=java.base/java.lang.reflect=ALL-UNNAMED --add-opens=java.base/java.io=ALL-UNNAMED --add-opens=java.base/java.net=ALL-UNNAMED --add-opens=java.base/java.nio=ALL-UNNAMED --add-opens=java.base/java.util=ALL-UNNAMED --add-opens=java.base/java.util.concurrent=ALL-UNNAMED --add-opens=java.base/java.util.concurrent.atomic=ALL-UNNAMED --add-opens=java.base/jdk.internal.ref=ALL-UNNAMED --add-opens=java.base/sun.nio.ch=ALL-UNNAMED --add-opens=java.base/sun.nio.cs=ALL-UNNAMED --add-opens=java.base/sun.security.action=ALL-UNNAMED --add-opens=java.base/sun.util.calendar=ALL-UNNAMED --add-opens=java.security.jgss/sun.security.krb5=ALL-UNNAMED -Djdk.reflect.useDirectMethodHandle=false 
java_command: org.apache.spark.deploy.SparkSubmit Consumer.py
java_class_path (initial): C:\Spark\spark-3.5.5-bin-hadoop3\bin\..\conf\;C:\Spark\spark-3.5.5-bin-hadoop3\jars\activation-1.1.1.jar;C:\Spark\spark-3.5.5-bin-hadoop3\jars\aircompressor-0.27.jar;C:\Spark\spark-3.5.5-bin-hadoop3\jars\algebra_2.12-2.0.1.jar;C:\Spark\spark-3.5.5-bin-hadoop3\jars\annotations-17.0.0.jar;C:\Spark\spark-3.5.5-bin-hadoop3\jars\antlr-runtime-3.5.2.jar;C:\Spark\spark-3.5.5-bin-hadoop3\jars\antlr4-runtime-4.9.3.jar;C:\Spark\spark-3.5.5-bin-hadoop3\jars\aopalliance-repackaged-2.6.1.jar;C:\Spark\spark-3.5.5-bin-hadoop3\jars\arpack-3.0.3.jar;C:\Spark\spark-3.5.5-bin-hadoop3\jars\arpack_combined_all-0.1.jar;C:\Spark\spark-3.5.5-bin-hadoop3\jars\arrow-format-12.0.1.jar;C:\Spark\spark-3.5.5-bin-hadoop3\jars\arrow-memory-core-12.0.1.jar;C:\Spark\spark-3.5.5-bin-hadoop3\jars\arrow-memory-netty-12.0.1.jar;C:\Spark\spark-3.5.5-bin-hadoop3\jars\arrow-vector-12.0.1.jar;C:\Spark\spark-3.5.5-bin-hadoop3\jars\audience-annotations-0.5.0.jar;C:\Spark\spark-3.5.5-bin-hadoop3\jars\avro-1.11.4.jar;C:\Spark\spark-3.5.5-bin-hadoop3\jars\avro-ipc-1.11.4.jar;C:\Spark\spark-3.5.5-bin-hadoop3\jars\avro-mapred-1.11.4.jar;C:\Spark\spark-3.5.5-bin-hadoop3\jars\blas-3.0.3.jar;C:\Spark\spark-3.5.5-bin-hadoop3\jars\bonecp-0.8.0.RELEASE.jar;C:\Spark\spark-3.5.5-bin-hadoop3\jars\breeze-macros_2.12-2.1.0.jar;C:\Spark\spark-3.5.5-bin-hadoop3\jars\breeze_2.12-2.1.0.jar;C:\Spark\spark-3.5.5-bin-hadoop3\jars\cats-kernel_2.12-2.1.1.jar;C:\Spark\spark-3.5.5-bin-hadoop3\jars\chill-java-0.10.0.jar;C:\Spark\spark-3.5.5-bin-hadoop3\jars\chill_2.12-0.10.0.jar;C:\Spark\spark-3.5.5-bin-hadoop3\jars\commons-cli-1.5.0.jar;C:\Spark\spark-3.5.5-bin-hadoop3\jars\commons-codec-1.16.1.jar;C:\Spark\spark-3.5.5-bin-hadoop3\jars\commons-collections-3.2.2.jar;C:\Spark\spark-3.5.5-bin-hadoop3\jars\commons-collections4-4.4.jar;C:\Spark\spark-3.5.5-bin-hadoop3\jars\commons-compiler-3.1.9.jar;C:\Spark\spark-3.5.5-bin-hadoop3\jars\commons-compress-1.23.0.jar;C:\Spark\spark-3.5.5-bin-hadoop3\jars\commons-crypto-1.1.0.jar;C:\Spark\spark-3.5.5-bin-hadoop3\jars\commons-dbcp-1.4.jar;C:\Spark\spark-3.5.5-bin-hadoop3\jars\commons-io-2.16.1.jar;C:\Spark\spark-3.5.5-bin-hadoop3\jars\commons-lang-2.6.jar;C:\Spark\spark-3.5.5-bin-hadoop3\jars\commons-lang3-3.12.0.jar;C:\Spark\spark-3.5.5-bin-hadoop3\jars\commons-logging-1.1.3.jar;C:\Spark\spark-3.5.5-bin-hadoop3\jars\commons-math3-3.6.1.jar;C:\Spark\spark-3.5.5-bin-hadoop3\jars\commons-pool-1.5.4.jar;C:\Spark\spark-3.5.5-bin-hadoop3\jars\commons-text-1.10.0.jar;C:\Spark\spark-3.5.5-bin-hadoop3\jars\compress-lzf-1.1.2.jar;C:\Spark\spark-3.5.5-bin-hadoop3\jars\curator-client-2.13.0.jar;C:\Spark\spark-3.5.5-bin-hadoop3\jars\curator-framework-2.13.0.jar;C:\Spark\spark-3.5.5-bin-hadoop3\jars\curator-recipes-2.13.0.jar;C:\Spark\spark-3.5.5-bin-hadoop3\jars\datanucleus-api-jdo-4.2.4.jar;C:\Spark\spark-3.5.5-bin-hadoop3\jars\datanucleus-core-4.1.17.jar;C:\Spark\spark-3.5.5-bin-hadoop3\jars\datanucleus-rdbms-4.1.19.jar;C:\Spark\spark-3.5.5-bin-hadoop3\jars\datasketches-java-3.3.0.jar;C:\Spark\spark-3.5.5-bin-hadoop3\jars\datasketches-memory-2.1.0.jar;C:\Spark\spark-3.5.5-bin-hadoop3\jars\derby-10.14.2.0.jar;C:\Spark\spark-3.5.5-bin-hadoop3\jars\dropwizard-metrics-hadoop-metrics2-reporter-0.1.2.jar;C:\Spark\spark-3.5.5-bin-hadoop3\jars\flatbuffers-java-1.12.0.jar;C:\Spark\spark-3.5.5-bin-hadoop3\jars\gson-2.2.4.jar;C:\Spark\spark-3.5.5-bin-hadoop3\jars\guava-14.0.1.jar;C:\Spark\spark-3.5.5-bin-hadoop3\jars\hadoop-client-api-3.3.4.jar;C:\Spark\spark-3.5.5-bin-hadoop3\jars\hadoop-client-runtime-3.3.4.jar;C:\Spark\spark-3.5.5-bin-hadoop3\jars\hadoop-shaded-guava-1.1.1.jar;C:\Spark\spark-3.5.5-bin-hadoop3\jars\hadoop-yarn-server-web-proxy-3.3.4.jar;C:\Spark\spark-3.5.5-bin-hadoop3\jars\HikariCP-2.5.1.jar;C:\Spark\spark-3.5.5-bin-hadoop3\jars\hive-beeline-2.3.9.jar;C:\Spark\spark-3.5.5-bin-hadoop3\jars\hive-cli-2.3.9.jar;C:\Spark\spark-3.5.5-bin-hadoop3\jars\hive-common-2.3.9.jar;C:\Spark\spark-3.5.5-bin-hadoop3\jars\hive-exec-2.3.9-core.jar;C:\Spark\spark-3.5.5-bin-hadoop3\jars\hive-jdbc-2.3.9.jar;C:\Spark\spark-3.5.5-bin-hadoop3\jars\hive-llap-common-2.3.9.jar;C:\Spark\spark-3.5.5-bin-hadoop3\jars\hive-metastore-2.3.9.jar;C:\Spark\spark-3.5.5-bin-hadoop3\jars\hive-serde-2.3.9.jar;C:\Spark\spark-3.5.5-bin-hadoop3\jars\hive-service-rpc-3.1.3.jar;C:\Spark\spark-3.5.5-bin-hadoop3\jars\hive-shims-0.23-2.3.9.jar;C:\Spark\spark-3.5.5-bin-hadoop3\jars\hive-shims-2.3.9.jar;C:\Spark\spark-3.5.5-bin-hadoop3\jars\hive-shims-common-2.3.9.jar;C:\Spark\spark-3.5.5-bin-hadoop3\jars\hive-shims-scheduler-2.3.9.jar;C:\Spark\spark-3.5.5-bin-hadoop3\jars\hive-storage-api-2.8.1.jar;C:\Spark\spark-3.5.5-bin-hadoop3\jars\hk2-api-2.6.1.jar;C:\Spark\spark-3.5.5-bin-hadoop3\jars\hk2-locator-2.6.1.jar;C:\Spark\spark-3.5.5-bin-hadoop3\jars\hk2-utils-2.6.1.jar;C:\Spark\spark-3.5.5-bin-hadoop3\jars\httpclient-4.5.14.jar;C:\Spark\spark-3.5.5-bin-hadoop3\jars\httpcore-4.4.16.jar;C:\Spark\spark-3.5.5-bin-hadoop3\jars\istack-commons-runtime-3.0.8.jar;C:\Spark\spark-3.5.5-bin-hadoop3\jars\ivy-2.5.1.jar;C:\Spark\spark-3.5.5-bin-hadoop3\jars\jackson-annotations-2.15.2.jar;C:\Spark\spark-3.5.5-bin-hadoop3\jars\jackson-core-2.15.2.jar;C:\Spark\spark-3.5.5-bin-hadoop3\jars\jackson-core-asl-1.9.13.jar;C:\Spark\spark-3.5.5-bin-hadoop3\jars\jackson-databind-2.15.2.jar;C:\Spark\spark-3.5.5-bin-hadoop3\jars\jackson-dataformat-yaml-2.15.2.jar;C:\Spark\spark-3.5.5-bin-hadoop3\jars\jackson-datatype-jsr310-2.15.2.jar;C:\Spark\spark-3.5.5-bin-hadoop3\jars\jackson-mapper-asl-1.9.13.jar;C:\Spark\spark-3.5.5-bin-hadoop3\jars\jackson-module-scala_2.12-2.15.2.jar;C:\Spark\spark-3.5.5-bin-hadoop3\jars\jakarta.annotation-api-1.3.5.jar;C:\Spark\spark-3.5.5-bin-hadoop3\jars\jakarta.inject-2.6.1.jar;C:\Spark\spark-3.5.5-bin-hadoop3\jars\jakarta.servlet-api-4.0.3.jar;C:\Spark\spark-3.5.5-bin-hadoop3\jars\jakarta.validation-api-2.0.2.jar;C:\Spark\spark-3.5.5-bin-hadoop3\jars\jakarta.ws.rs-api-2.1.6.jar;C:\Spark\spark-3.5.5-bin-hadoop3\jars\jakarta.xml.bind-api-2.3.2.jar;C:\Spark\spark-3.5.5-bin-hadoop3\jars\janino-3.1.9.jar;C:\Spark\spark-3.5.5-bin-hadoop3\jars\javassist-3.29.2-GA.jar;C:\Spark\spark-3.5.5-bin-hadoop3\jars\javax.jdo-3.2.0-m3.jar;C:\Spark\spark-3.5.5-bin-hadoop3\jars\javolution-5.5.1.jar;C:\Spark\spark-3.5.5-bin-hadoop3\jars\jaxb-runtime-2.3.2.jar;C:\Spark\spark-3.5.5-bin-hadoop3\jars\jcl-over-slf4j-2.0.7.jar;C:\Spark\spark-3.5.5-bin-hadoop3\jars\jdo-api-3.0.1.jar;C:\Spark\spark-3.5.5-bin-hadoop3\jars\jersey-client-2.40.jar;C:\Spark\spark-3.5.5-bin-hadoop3\jars\jersey-common-2.40.jar;C:\Spark\spark-3.5.5-bin-hadoop3\jars\jersey-container-servlet-2.40.jar;C:\Spark\spark-3.5.5-bin-hadoop3\jars\jersey-container-servlet-core-2.40.jar;C:\Spark\spark-3.5.5-bin-hadoop3\jars\jersey-hk2-2.40.jar;C:\Spark\spark-3.5.5-bin-hadoop3\jars\jersey-server-2.40.jar;C:\Spark\spark-3.5.5-bin-hadoop3\jars\JLargeArrays-1.5.jar;C:\Spark\spark-3.5.5-bin-hadoop3\jars\jline-2.14.6.jar;C:\Spark\spark-3.5.5-bin-hadoop3\jars\joda-time-2.12.5.jar;C:\Spark\spark-3.5.5-bin-hadoop3\jars\jodd-core-3.5.2.jar;C:\Spark\spark-3.5.5-bin-hadoop3\jars\jpam-1.1.jar;C:\Spark\spark-3.5.5-bin-hadoop3\jars\json-1.8.jar;C:\Spark\spark-3.5.5-bin-hadoop3\jars\json4s-ast_2.12-3.7.0-M11.jar;C:\Spark\spark-3.5.5-bin-hadoop3\jars\json4s-core_2.12-3.7.0-M11.jar;C:\Spark\spark-3.5.5-bin-hadoop3\jars\json4s-jackson_2.12-3.7.0-M11.jar;C:\Spark\spark-3.5.5-bin-hadoop3\jars\json4s-scalap_2.12-3.7.0-M11.jar;C:\Spark\spark-3.5.5-bin-hadoop3\jars\jsr305-3.0.0.jar;C:\Spark\spark-3.5.5-bin-hadoop3\jars\jta-1.1.jar;C:\Spark\spark-3.5.5-bin-hadoop3\jars\JTransforms-3.1.jar;C:\Spark\spark-3.5.5-bin-hadoop3\jars\jul-to-slf4j-2.0.7.jar;C:\Spark\spark-3.5.5-bin-hadoop3\jars\kryo-shaded-4.0.2.jar;C:\Spark\spark-3.5.5-bin-hadoop3\jars\kubernetes-client-6.7.2.jar;C:\Spark\spark-3.5.5-bin-hadoop3\jars\kubernetes-client-api-6.7.2.jar;C:\Spark\spark-3.5.5-bin-hadoop3\jars\kubernetes-httpclient-okhttp-6.7.2.jar;C:\Spark\spark-3.5.5-bin-hadoop3\jars\kubernetes-model-admissionregistration-6.7.2.jar;C:\Spark\spark-3.5.5-bin-hadoop3\jars\kubernetes-model-apiextensions-6.7.2.jar;C:\Spark\spark-3.5.5-bin-hadoop3\jars\kubernetes-model-apps-6.7.2.jar;C:\Spark\spark-3.5.5-bin-hadoop3\jars\kubernetes-model-autoscaling-6.7.2.jar;C:\Spark\spark-3.5.5-bin-hadoop3\jars\kubernetes-model-batch-6.7.2.jar;C:\Spark\spark-3.5.5-bin-hadoop3\jars\kubernetes-model-certificates-6.7.2.jar;C:\Spark\spark-3.5.5-bin-hadoop3\jars\kubernetes-model-common-6.7.2.jar;C:\Spark\spark-3.5.5-bin-hadoop3\jars\kubernetes-model-coordination-6.7.2.jar;C:\Spark\spark-3.5.5-bin-hadoop3\jars\kubernetes-model-core-6.7.2.jar;C:\Spark\spark-3.5.5-bin-hadoop3\jars\kubernetes-model-discovery-6.7.2.jar;C:\Spark\spark-3.5.5-bin-hadoop3\jars\kubernetes-model-events-6.7.2.jar;C:\Spark\spark-3.5.5-bin-hadoop3\jars\kubernetes-model-extensions-6.7.2.jar;C:\Spark\spark-3.5.5-bin-hadoop3\jars\kubernetes-model-flowcontrol-6.7.2.jar;C:\Spark\spark-3.5.5-bin-hadoop3\jars\kubernetes-model-gatewayapi-6.7.2.jar;C:\Spark\spark-3.5.5-bin-hadoop3\jars\kubernetes-model-metrics-6.7.2.jar;C:\Spark\spark-3.5.5-bin-hadoop3\jars\kubernetes-model-networking-6.7.2.jar;C:\Spark\spark-3.5.5-bin-hadoop3\jars\kubernetes-model-node-6.7.2.jar;C:\Spark\spark-3.5.5-bin-hadoop3\jars\kubernetes-model-policy-6.7.2.jar;C:\Spark\spark-3.5.5-bin-hadoop3\jars\kubernetes-model-rbac-6.7.2.jar;C:\Spark\spark-3.5.5-bin-hadoop3\jars\kubernetes-model-resource-6.7.2.jar;C:\Spark\spark-3.5.5-bin-hadoop3\jars\kubernetes-model-scheduling-6.7.2.jar;C:\Spark\spark-3.5.5-bin-hadoop3\jars\kubernetes-model-storageclass-6.7.2.jar;C:\Spark\spark-3.5.5-bin-hadoop3\jars\lapack-3.0.3.jar;C:\Spark\spark-3.5.5-bin-hadoop3\jars\leveldbjni-all-1.8.jar;C:\Spark\spark-3.5.5-bin-hadoop3\jars\libfb303-0.9.3.jar;C:\Spark\spark-3.5.5-bin-hadoop3\jars\libthrift-0.12.0.jar;C:\Spark\spark-3.5.5-bin-hadoop3\jars\log4j-1.2-api-2.20.0.jar;C:\Spark\spark-3.5.5-bin-hadoop3\jars\log4j-api-2.20.0.jar;C:\Spark\spark-3.5.5-bin-hadoop3\jars\log4j-core-2.20.0.jar;C:\Spark\spark-3.5.5-bin-hadoop3\jars\log4j-slf4j2-impl-2.20.0.jar;C:\Spark\spark-3.5.5-bin-hadoop3\jars\logging-interceptor-3.12.12.jar;C:\Spark\spark-3.5.5-bin-hadoop3\jars\lz4-java-1.8.0.jar;C:\Spark\spark-3.5.5-bin-hadoop3\jars\mesos-1.4.3-shaded-protobuf.jar;C:\Spark\spark-3.5.5-bin-hadoop3\jars\metrics-core-4.2.19.jar;C:\Spark\spark-3.5.5-bin-hadoop3\jars\metrics-graphite-4.2.19.jar;C:\Spark\spark-3.5.5-bin-hadoop3\jars\metrics-jmx-4.2.19.jar;C:\Spark\spark-3.5.5-bin-hadoop3\jars\metrics-json-4.2.19.jar;C:\Spark\spark-3.5.5-bin-hadoop3\jars\metrics-jvm-4.2.19.jar;C:\Spark\spark-3.5.5-bin-hadoop3\jars\minlog-1.3.0.jar;C:\Spark\spark-3.5.5-bin-hadoop3\jars\netty-all-4.1.96.Final.jar;C:\Spark\spark-3.5.5-bin-hadoop3\jars\netty-buffer-4.1.96.Final.jar;C:\Spark\spark-3.5.5-bin-hadoop3\jars\netty-codec-4.1.96.Final.jar;C:\Spark\spark-3.5.5-bin-hadoop3\jars\netty-codec-http-4.1.96.Final.jar;C:\Spark\spark-3.5.5-bin-hadoop3\jars\netty-codec-http2-4.1.96.Final.jar;C:\Spark\spark-3.5.5-bin-hadoop3\jars\netty-codec-socks-4.1.96.Final.jar;C:\Spark\spark-3.5.5-bin-hadoop3\jars\netty-common-4.1.96.Final.jar;C:\Spark\spark-3.5.5-bin-hadoop3\jars\netty-handler-4.1.96.Final.jar;C:\Spark\spark-3.5.5-bin-hadoop3\jars\netty-handler-proxy-4.1.96.Final.jar;C:\Spark\spark-3.5.5-bin-hadoop3\jars\netty-resolver-4.1.96.Final.jar;C:\Spark\spark-3.5.5-bin-hadoop3\jars\netty-transport-4.1.96.Final.jar;C:\Spark\spark-3.5.5-bin-hadoop3\jars\netty-transport-classes-epoll-4.1.96.Final.jar;C:\Spark\spark-3.5.5-bin-hadoop3\jars\netty-transport-classes-kqueue-4.1.96.Final.jar;C:\Spark\spark-3.5.5-bin-hadoop3\jars\netty-transport-native-epoll-4.1.96.Final-linux-aarch_64.jar;C:\Spark\spark-3.5.5-bin-hadoop3\jars\netty-transport-native-epoll-4.1.96.Final-linux-x86_64.jar;C:\Spark\spark-3.5.5-bin-hadoop3\jars\netty-transport-native-kqueue-4.1.96.Final-osx-aarch_64.jar;C:\Spark\spark-3.5.5-bin-hadoop3\jars\netty-transport-native-kqueue-4.1.96.Final-osx-x86_64.jar;C:\Spark\spark-3.5.5-bin-hadoop3\jars\netty-transport-native-unix-common-4.1.96.Final.jar;C:\Spark\spark-3.5.5-bin-hadoop3\jars\objenesis-3.3.jar;C:\Spark\spark-3.5.5-bin-hadoop3\jars\okhttp-3.12.12.jar;C:\Spark\spark-3.5.5-bin-hadoop3\jars\okio-1.17.6.jar;C:\Spark\spark-3.5.5-bin-hadoop3\jars\opencsv-2.3.jar;C:\Spark\spark-3.5.5-bin-hadoop3\jars\orc-core-1.9.5-shaded-protobuf.jar;C:\Spark\spark-3.5.5-bin-hadoop3\jars\orc-mapreduce-1.9.5-shaded-protobuf.jar;C:\Spark\spark-3.5.5-bin-hadoop3\jars\orc-shims-1.9.5.jar;C:\Spark\spark-3.5.5-bin-hadoop3\jars\oro-2.0.8.jar;C:\Spark\spark-3.5.5-bin-hadoop3\jars\osgi-resource-locator-1.0.3.jar;C:\Spark\spark-3.5.5-bin-hadoop3\jars\paranamer-2.8.jar;C:\Spark\spark-3.5.5-bin-hadoop3\jars\parquet-column-1.13.1.jar;C:\Spark\spark-3.5.5-bin-hadoop3\jars\parquet-common-1.13.1.jar;C:\Spark\spark-3.5.5-bin-hadoop3\jars\parquet-encoding-1.13.1.jar;C:\Spark\spark-3.5.5-bin-hadoop3\jars\parquet-format-structures-1.13.1.jar;C:\Spark\spark-3.5.5-bin-hadoop3\jars\parquet-hadoop-1.13.1.jar;C:\Spark\spark-3.5.5-bin-hadoop3\jars\parquet-jackson-1.13.1.jar;C:\Spark\spark-3.5.5-bin-hadoop3\jars\pickle-1.3.jar;C:\Spark\spark-3.5.5-bin-hadoop3\jars\py4j-0.10.9.7.jar;C:\Spark\spark-3.5.5-bin-hadoop3\jars\RoaringBitmap-0.9.45.jar;C:\Spark\spark-3.5.5-bin-hadoop3\jars\rocksdbjni-8.3.2.jar;C:\Spark\spark-3.5.5-bin-hadoop3\jars\scala-collection-compat_2.12-2.7.0.jar;C:\Spark\spark-3.5.5-bin-hadoop3\jars\scala-compiler-2.12.18.jar;C:\Spark\spark-3.5.5-bin-hadoop3\jars\scala-library-2.12.18.jar;C:\Spark\spark-3.5.5-bin-hadoop3\jars\scala-parser-combinators_2.12-2.3.0.jar;C:\Spark\spark-3.5.5-bin-hadoop3\jars\scala-reflect-2.12.18.jar;C:\Spark\spark-3.5.5-bin-hadoop3\jars\scala-xml_2.12-2.1.0.jar;C:\Spark\spark-3.5.5-bin-hadoop3\jars\shims-0.9.45.jar;C:\Spark\spark-3.5.5-bin-hadoop3\jars\slf4j-api-2.0.7.jar;C:\Spark\spark-3.5.5-bin-hadoop3\jars\snakeyaml-2.0.jar;C:\Spark\spark-3.5.5-bin-hadoop3\jars\snakeyaml-engine-2.6.jar;C:\Spark\spark-3.5.5-bin-hadoop3\jars\snappy-java-1.1.10.5.jar;C:\Spark\spark-3.5.5-bin-hadoop3\jars\spark-catalyst_2.12-3.5.5.jar;C:\Spark\spark-3.5.5-bin-hadoop3\jars\spark-common-utils_2.12-3.5.5.jar;C:\Spark\spark-3.5.5-bin-hadoop3\jars\spark-core_2.12-3.5.5.jar;C:\Spark\spark-3.5.5-bin-hadoop3\jars\spark-graphx_2.12-3.5.5.jar;C:\Spark\spark-3.5.5-bin-hadoop3\jars\spark-hive-thriftserver_2.12-3.5.5.jar;C:\Spark\spark-3.5.5-bin-hadoop3\jars\spark-hive_2.12-3.5.5.jar;C:\Spark\spark-3.5.5-bin-hadoop3\jars\spark-kubernetes_2.12-3.5.5.jar;C:\Spark\spark-3.5.5-bin-hadoop3\jars\spark-kvstore_2.12-3.5.5.jar;C:\Spark\spark-3.5.5-bin-hadoop3\jars\spark-launcher_2.12-3.5.5.jar;C:\Spark\spark-3.5.5-bin-hadoop3\jars\spark-mesos_2.12-3.5.5.jar;C:\Spark\spark-3.5.5-bin-hadoop3\jars\spark-mllib-local_2.12-3.5.5.jar;C:\Spark\spark-3.5.5-bin-hadoop3\jars\spark-mllib_2.12-3.5.5.jar;C:\Spark\spark-3.5.5-bin-hadoop3\jars\spark-network-common_2.12-3.5.5.jar;C:\Spark\spark-3.5.5-bin-hadoop3\jars\spark-network-shuffle_2.12-3.5.5.jar;C:\Spark\spark-3.5.5-bin-hadoop3\jars\spark-repl_2.12-3.5.5.jar;C:\Spark\spark-3.5.5-bin-hadoop3\jars\spark-sketch_2.12-3.5.5.jar;C:\Spark\spark-3.5.5-bin-hadoop3\jars\spark-sql-api_2.12-3.5.5.jar;C:\Spark\spark-3.5.5-bin-hadoop3\jars\spark-sql_2.12-3.5.5.jar;C:\Spark\spark-3.5.5-bin-hadoop3\jars\spark-streaming_2.12-3.5.5.jar;C:\Spark\spark-3.5.5-bin-hadoop3\jars\spark-tags_2.12-3.5.5.jar;C:\Spark\spark-3.5.5-bin-hadoop3\jars\spark-unsafe_2.12-3.5.5.jar;C:\Spark\spark-3.5.5-bin-hadoop3\jars\spark-yarn_2.12-3.5.5.jar;C:\Spark\spark-3.5.5-bin-hadoop3\jars\spire-macros_2.12-0.17.0.jar;C:\Spark\spark-3.5.5-bin-hadoop3\jars\spire-platform_2.12-0.17.0.jar;C:\Spark\spark-3.5.5-bin-hadoop3\jars\spire-util_2.12-0.17.0.jar;C:\Spark\spark-3.5.5-bin-hadoop3\jars\spire_2.12-0.17.0.jar;C:\Spark\spark-3.5.5-bin-hadoop3\jars\ST4-4.0.4.jar;C:\Spark\spark-3.5.5-bin-hadoop3\jars\stax-api-1.0.1.jar;C:\Spark\spark-3.5.5-bin-hadoop3\jars\stream-2.9.6.jar;C:\Spark\spark-3.5.5-bin-hadoop3\jars\super-csv-2.2.0.jar;C:\Spark\spark-3.5.5-bin-hadoop3\jars\threeten-extra-1.7.1.jar;C:\Spark\spark-3.5.5-bin-hadoop3\jars\tink-1.9.0.jar;C:\Spark\spark-3.5.5-bin-hadoop3\jars\transaction-api-1.1.jar;C:\Spark\spark-3.5.5-bin-hadoop3\jars\univocity-parsers-2.9.1.jar;C:\Spark\spark-3.5.5-bin-hadoop3\jars\xbean-asm9-shaded-4.23.jar;C:\Spark\spark-3.5.5-bin-hadoop3\jars\xz-1.9.jar;C:\Spark\spark-3.5.5-bin-hadoop3\jars\zjsonpatch-0.3.0.jar;C:\Spark\spark-3.5.5-bin-hadoop3\jars\zookeeper-3.6.3.jar;C:\Spark\spark-3.5.5-bin-hadoop3\jars\zookeeper-jute-3.6.3.jar;C:\Spark\spark-3.5.5-bin-hadoop3\jars\zstd-jni-1.5.5-4.jar
Launcher Type: SUN_STANDARD

[Global flags]
     intx CICompilerCount                          = 4                                         {product} {ergonomic}
     uint ConcGCThreads                            = 2                                         {product} {ergonomic}
     uint G1ConcRefinementThreads                  = 8                                         {product} {ergonomic}
   size_t G1HeapRegionSize                         = 1048576                                   {product} {ergonomic}
    uintx GCDrainStackTargetSize                   = 64                                        {product} {ergonomic}
     bool IgnoreUnrecognizedVMOptions              = true                                      {product} {command line}
   size_t InitialHeapSize                          = 266338304                                 {product} {ergonomic}
   size_t MarkStackSize                            = 4194304                                   {product} {ergonomic}
   size_t MaxHeapSize                              = 1073741824                                {product} {command line}
   size_t MaxNewSize                               = 643825664                                 {product} {ergonomic}
   size_t MinHeapDeltaBytes                        = 1048576                                   {product} {ergonomic}
   size_t MinHeapSize                              = 8388608                                   {product} {ergonomic}
    uintx NonNMethodCodeHeapSize                   = 5839372                                {pd product} {ergonomic}
    uintx NonProfiledCodeHeapSize                  = 122909434                              {pd product} {ergonomic}
    uintx ProfiledCodeHeapSize                     = 122909434                              {pd product} {ergonomic}
    uintx ReservedCodeCacheSize                    = 251658240                              {pd product} {ergonomic}
     bool SegmentedCodeCache                       = true                                      {product} {ergonomic}
   size_t SoftMaxHeapSize                          = 1073741824                             {manageable} {ergonomic}
     bool UseCompressedOops                        = true                           {product lp64_product} {ergonomic}
     bool UseG1GC                                  = true                                      {product} {ergonomic}
     bool UseLargePagesIndividualAllocation        = false                                  {pd product} {ergonomic}

Logging:
Log output configuration:
 #0: stdout all=warning uptime,level,tags foldmultilines=false
 #1: stderr all=off uptime,level,tags foldmultilines=false

Environment Variables:
JAVA_HOME=C:\Program Files\Java\jdk-21
CLASSPATH=C:\Program Files\NetBeans-21\netbeans\ide\modules\ext\mysql-connector-java-8.0.17.jar;
PATH=C:\Users\pc\anaconda3;C:\Users\pc\anaconda3\Library\mingw-w64\bin;C:\Users\pc\anaconda3\Library\usr\bin;C:\Users\pc\anaconda3\Library\bin;C:\Users\pc\anaconda3\Scripts;C:\Users\pc\anaconda3\bin;C:\Users\pc\anaconda3\condabin;C:\Users\pc\anaconda3;C:\Users\pc\anaconda3\Library\mingw-w64\bin;C:\Users\pc\anaconda3\Library\usr\bin;C:\Users\pc\anaconda3\Library\bin;C:\Users\pc\anaconda3\Scripts;C:\Program Files (x86)\VMware\VMware Workstation\bin;C:\app\pc\product\21c\dbhomeXE\bin;C:\Program Files\Common Files\Oracle\Java\javapath;C:\oraclexe\app\oracle\product\11.2.0\server\bin;C:\WINDOWS\system32;C:\WINDOWS;C:\WINDOWS\System32\Wbem;C:\WINDOWS\System32\WindowsPowerShell\v1.0;C:\WINDOWS\System32\OpenSSH;C:\ProgramData\chocolatey\bin;C:\Program Files\MongoDB\Server\6.0\bin;C:\Program Files\Java\jdk-21\bin;C:\Program Files (x86)\Microsoft SQL Server\160\Tools\Binn;C:\Program Files\Microsoft SQL Server\160\Tools\Binn;C:\Program Files\Microsoft SQL Server\Client SDK\ODBC\170\Tools\Binn;C:\Program Files\Microsoft SQL Server\160\DTS\Binn;C:\Program Files (x86)\Microsoft SQL Server\160\DTS\Binn;C:\Program Files\Docker\Docker\resources\bin;C:\Program Files\Git\cmd;C:\Users\pc\AppData\Local\Programs\Python\Launcher;C:\Users\pc\AppData\Local\Microsoft\WindowsApps;C:\Users\pc\AppData\Local\Programs\Microsoft VS Code\bin;C:\xampp\php;C:\Users\pc\composer;C:\Program Files (x86)\nodejs;C:\Program Files\MongoDB\Server\6.0\bin;C:\Users\pc\AppData\Roaming\Composer\vendor\bin;C:\ProgramData\Microsoft\Windows\Start Menu\Programs\OpenSSL;C:\Spark\spark-3.5.5-bin-hadoop3\bin;.;c:\Users\pc\.vscode\extensions\ms-python.debugpy-2025.6.0-win32-x64\bundled\scripts\noConfigScripts
USERNAME=pc
LANG=en_US.UTF-8
OS=Windows_NT
PROCESSOR_IDENTIFIER=Intel64 Family 6 Model 142 Stepping 10, GenuineIntel
TMP=C:\Users\pc\AppData\Local\Temp
TEMP=C:\Users\pc\AppData\Local\Temp




Periodic native trim disabled

---------------  S Y S T E M  ---------------

OS:
 Windows 11 , 64 bit Build 26100 (10.0.26100.3775)
OS uptime: 0 days 13:26 hours
Hyper-V role detected

CPU: total 8 (initial active 8) (4 cores per cpu, 2 threads per core) family 6 model 142 stepping 10 microcode 0xf6, cx8, cmov, fxsr, ht, mmx, 3dnowpref, sse, sse2, sse3, ssse3, sse4.1, sse4.2, popcnt, lzcnt, tsc, tscinvbit, avx, avx2, aes, erms, clmul, bmi1, bmi2, rtm, adx, fma, vzeroupper, clflush, clflushopt, hv, rdtscp, f16c
Processor Information for processor 0
  Max Mhz: 2112, Current Mhz: 1910, Mhz Limit: 1900
Processor Information for processor 1
  Max Mhz: 2112, Current Mhz: 1910, Mhz Limit: 1900
Processor Information for processor 2
  Max Mhz: 2112, Current Mhz: 1910, Mhz Limit: 1900
Processor Information for processor 3
  Max Mhz: 2112, Current Mhz: 1910, Mhz Limit: 1900
Processor Information for processor 4
  Max Mhz: 2112, Current Mhz: 1508, Mhz Limit: 1900
Processor Information for processor 5
  Max Mhz: 2112, Current Mhz: 1910, Mhz Limit: 1900
Processor Information for processor 6
  Max Mhz: 2112, Current Mhz: 1910, Mhz Limit: 1900
Processor Information for processor 7
  Max Mhz: 2112, Current Mhz: 1910, Mhz Limit: 1900

Memory: 4k page, system-wide physical 16223M (2011M free)
TotalPageFile size 20562M (AvailPageFile size 71M)
current process WorkingSet (physical memory assigned to process): 104M, peak: 105M
current process commit charge ("private bytes"): 364M, peak: 364M

vm_info: Java HotSpot(TM) 64-Bit Server VM (21.0.1+12-LTS-29) for windows-amd64 JRE (21.0.1+12-LTS-29), built on 2023-10-05T13:27:09Z by "mach5one" with MS VC++ 17.1 (VS2022)

END.
